#
# A fatal error has been detected by the Java Runtime Environment:
#
#  EXCEPTION_ACCESS_VIOLATION (0xc0000005) at pc=0x0000000002794ba9, pid=9272, tid=0x000000000000250c
#
# JRE version: Java(TM) SE Runtime Environment (8.0_131-b11) (build 1.8.0_131-b11)
# Java VM: Java HotSpot(TM) 64-Bit Server VM (25.131-b11 mixed mode windows-amd64 compressed oops)
# Problematic frame:
# j  com.sun.tools.javac.main.JavaCompiler.close(Z)V+110
#
# Failed to write core dump. Minidumps are not enabled by default on client versions of Windows
#
# If you would like to submit a bug report, please visit:
#   http://bugreport.java.com/bugreport/crash.jsp
#

---------------  T H R E A D  ---------------

Current thread (0x0000000052b8e800):  JavaThread "pool-30-thread-6" [_thread_in_Java, id=9484, stack(0x0000000057aa0000,0x0000000057ba0000)]

siginfo: ExceptionCode=0xc0000005, reading address 0xffffffffffffffff

Registers:
RAX=0x000000000c2d12e8, RBX=0x000000005be88040, RCX=0x00000000f65504f0, RDX=0x0000000000000000
RSP=0x0000000057b9dca0, RBP=0x0000000057b9dcf0, RSI=0x0000000000000148, RDI=0x0000000000003b14
R8 =0x0000000000000005, R9 =0x00000000f6549520, R10=0x0000000061b5e0c0, R11=0x0000000002be0110
R12=0x0000000000000000, R13=0x0000000057b9dca8, R14=0x0000000057b9dd50, R15=0x0000000052b8e800
RIP=0x0000000002794ba9, EFLAGS=0x0000000000010246

Top of Stack: (sp=0x0000000057b9dca0)
0x0000000057b9dca0:   0000000002778376 00000000f65504f0
0x0000000057b9dcb0:   0000000057b9dcb0 000000005bf2fbc6
0x0000000057b9dcc0:   0000000057b9dd50 000000005bf38ff8
0x0000000057b9dcd0:   0000000000000000 000000005bf2fd10
0x0000000057b9dce0:   0000000057b9dca8 0000000057b9dd48
0x0000000057b9dcf0:   0000000057b9dd98 0000000002778331
0x0000000057b9dd00:   0000000000000000 0000000000000000
0x0000000057b9dd10:   0000000000000000 0000000000000000
0x0000000057b9dd20:   0000000000000000 0000000000000000
0x0000000057b9dd30:   0000000000000000 0000000000000000
0x0000000057b9dd40:   0000000000000000 0000000000000001
0x0000000057b9dd50:   00000000f65581d0 0000000057b9dd58
0x0000000057b9dd60:   000000005bf2fac2 0000000057b9dda8
0x0000000057b9dd70:   000000005bf38ff8 0000000000000000
0x0000000057b9dd80:   000000005bf2fad0 0000000057b9dd48
0x0000000057b9dd90:   0000000057b9dda8 0000000057b9ddf0 

Instructions: (pc=0x0000000002794ba9)
0x0000000002794b89:   48 83 c2 10 4c 8b 6a d8 41 83 ed 04 41 c1 e5 03
0x0000000002794b99:   49 03 d5 48 89 55 e0 4c 8d 6c 24 08 4c 89 6d f0
0x0000000002794ba9:   ff 63 50 48 89 64 24 d8 48 81 ec 80 00 00 00 48
0x0000000002794bb9:   89 44 24 78 48 89 4c 24 70 48 89 54 24 68 48 89 


Register to memory mapping:

RAX=0x000000000c2d12e8 is pointing into metadata
RBX=0x000000005be88040 is pointing into metadata
RCX=0x00000000f65504f0 is an oop
com.sun.tools.javac.file.JavacFileManager 
 - klass: 'com/sun/tools/javac/file/JavacFileManager'
RDX=0x0000000000000000 is an unknown value
RSP=0x0000000057b9dca0 is pointing into the stack for thread: 0x0000000052b8e800
RBP=0x0000000057b9dcf0 is pointing into the stack for thread: 0x0000000052b8e800
RSI=0x0000000000000148 is an unknown value
RDI=0x0000000000003b14 is an unknown value
R8 =0x0000000000000005 is an unknown value
R9 =0x00000000f6549520 is an oop
sbt.LoggerWriter 
 - klass: 'sbt/LoggerWriter'
R10=0x0000000061b5e0c0 is an unknown value
R11=0x0000000002be0110 is at entry_point+16 in (nmethod*)0x0000000002bdffd0
R12=0x0000000000000000 is an unknown value
R13=0x0000000057b9dca8 is pointing into the stack for thread: 0x0000000052b8e800
R14=0x0000000057b9dd50 is pointing into the stack for thread: 0x0000000052b8e800
R15=0x0000000052b8e800 is a thread


Stack: [0x0000000057aa0000,0x0000000057ba0000],  sp=0x0000000057b9dca0,  free space=1015k
Native frames: (J=compiled Java code, j=interpreted, Vv=VM code, C=native code)
C  0x0000000002794ba9


---------------  P R O C E S S  ---------------

Java Threads: ( => current thread )
=>0x0000000052b8e800 JavaThread "pool-30-thread-6" [_thread_in_Java, id=9484, stack(0x0000000057aa0000,0x0000000057ba0000)]
  0x0000000052b8d000 JavaThread "pool-30-thread-5" [_thread_blocked, id=9240, stack(0x0000000058170000,0x0000000058270000)]
  0x0000000052b91000 JavaThread "pool-30-thread-4" [_thread_blocked, id=6280, stack(0x000000004eb80000,0x000000004ec80000)]
  0x0000000052b91800 JavaThread "pool-30-thread-3" [_thread_blocked, id=4376, stack(0x0000000058060000,0x0000000058160000)]
  0x0000000052b94000 JavaThread "pool-30-thread-2" [_thread_blocked, id=8656, stack(0x0000000057e60000,0x0000000057f60000)]
  0x0000000052b93000 JavaThread "pool-30-thread-1" [_thread_blocked, id=7688, stack(0x0000000057110000,0x0000000057210000)]
  0x00000000551b5000 JavaThread "Abandoned connection cleanup thread" daemon [_thread_blocked, id=948, stack(0x0000000061010000,0x0000000061110000)]
  0x00000000551b8800 JavaThread "Scala Presentation Compiler []" daemon [_thread_blocked, id=7580, stack(0x0000000059120000,0x0000000059220000)]
  0x0000000052ddf000 JavaThread "sbt-web-akka.actor.default-dispatcher-4" [_thread_blocked, id=8220, stack(0x0000000058a80000,0x0000000058b80000)]
  0x0000000055905000 JavaThread "sbt-web-scheduler-1" [_thread_blocked, id=10392, stack(0x000000004f080000,0x000000004f180000)]
  0x000000004e58c000 JavaThread "Service Thread" daemon [_thread_blocked, id=9800, stack(0x000000004ee10000,0x000000004ef10000)]
  0x000000004e589800 JavaThread "C1 CompilerThread2" daemon [_thread_blocked, id=5440, stack(0x000000004ec90000,0x000000004ed90000)]
  0x000000004e588800 JavaThread "C2 CompilerThread1" daemon [_thread_blocked, id=5608, stack(0x000000004ea40000,0x000000004eb40000)]
  0x000000004cad9800 JavaThread "C2 CompilerThread0" daemon [_thread_in_native, id=5132, stack(0x000000004e430000,0x000000004e530000)]
  0x000000004cad5000 JavaThread "Attach Listener" daemon [_thread_blocked, id=9832, stack(0x000000004e300000,0x000000004e400000)]
  0x000000004cad3800 JavaThread "Signal Dispatcher" daemon [_thread_blocked, id=7160, stack(0x000000004e110000,0x000000004e210000)]
  0x000000004caba000 JavaThread "Finalizer" daemon [_thread_blocked, id=10244, stack(0x000000004dfc0000,0x000000004e0c0000)]
  0x000000004ca73000 JavaThread "Reference Handler" daemon [_thread_blocked, id=9768, stack(0x000000004de30000,0x000000004df30000)]
  0x00000000022de800 JavaThread "main" [_thread_blocked, id=6072, stack(0x00000000023a0000,0x00000000024a0000)]

Other Threads:
  0x000000004ca6b800 VMThread [stack: 0x000000004db50000,0x000000004dc50000] [id=3636]
  0x000000004e59d000 WatcherThread [stack: 0x000000004ef80000,0x000000004f080000] [id=8772]

VM state:not at safepoint (normal execution)

VM Mutex/Monitor currently owned by a thread: None

Heap:
 PSYoungGen      total 135680K, used 111484K [0x00000000f5580000, 0x0000000100000000, 0x0000000100000000)
  eden space 100864K, 76% used [0x00000000f5580000,0x00000000fa0913d8,0x00000000fb800000)
  from space 34816K, 99% used [0x00000000fb800000,0x00000000fd9cdce8,0x00000000fda00000)
  to   space 38912K, 0% used [0x00000000fda00000,0x00000000fda00000,0x0000000100000000)
 ParOldGen       total 239616K, used 133413K [0x00000000e0000000, 0x00000000eea00000, 0x00000000f5580000)
  object space 239616K, 55% used [0x00000000e0000000,0x00000000e8249758,0x00000000eea00000)
 Metaspace       used 181302K, capacity 190805K, committed 199040K, reserved 1218560K
  class space    used 27643K, capacity 28372K, committed 29824K, reserved 1048576K

Card table byte_map: [0x000000000a970000,0x000000000aa80000] byte_map_base: 0x000000000a270000

Marking Bits: (ParMarkBitMap*) 0x0000000061b7c720
 Begin Bits: [0x000000000afe0000, 0x000000000b7e0000)
 End Bits:   [0x000000000b7e0000, 0x000000000bfe0000)

Polling page: 0x0000000000240000

CodeCache: size=131072Kb used=90143Kb max_used=90156Kb free=40928Kb
 bounds [0x0000000002770000, 0x0000000008000000, 0x000000000a770000]
 total_blobs=25954 nmethods=25192 adapters=666
 compilation: enabled

Compilation events (10 events):
Event: 44862.176 Thread 0x000000004e588800 nmethod 35952 0x0000000007f9f1d0 code [0x0000000007f9f340, 0x0000000007f9f638]
Event: 44862.177 Thread 0x000000004e588800 35953       4       com.sun.tools.javac.code.Lint::augment (58 bytes)
Event: 44862.182 Thread 0x000000004e589800 35956       1       com.sun.tools.javac.code.Type$UndetVar::isPartial (2 bytes)
Event: 44862.183 Thread 0x000000004e589800 nmethod 35956 0x00000000028be2d0 code [0x00000000028be420, 0x00000000028be530]
Event: 44862.184 Thread 0x000000004e588800 nmethod 35953 0x0000000007fb7410 code [0x0000000007fb75a0, 0x0000000007fb79b8]
Event: 44862.184 Thread 0x000000004e588800 35955       4       com.sun.tools.javac.code.Type$ClassType::contains (69 bytes)
Event: 44862.191 Thread 0x000000004e589800 35957       3       com.sun.tools.javac.comp.Resolve::findConstructor (50 bytes)
Event: 44862.192 Thread 0x000000004e589800 nmethod 35957 0x0000000007fa7e90 code [0x0000000007fa8020, 0x0000000007fa8358]
Event: 44862.192 Thread 0x000000004e589800 35958       1       com.sun.tools.javac.code.Type::isParameterized (2 bytes)
Event: 44862.192 Thread 0x000000004e589800 nmethod 35958 0x0000000007fb70d0 code [0x0000000007fb7220, 0x0000000007fb7330]

GC Heap History (10 events):
Event: 43372.506 GC heap before
{Heap before GC invocations=121 (full 20):
 PSYoungGen      total 133632K, used 111605K [0x00000000f5580000, 0x0000000100000000, 0x0000000100000000)
  eden space 102912K, 100% used [0x00000000f5580000,0x00000000fba00000,0x00000000fba00000)
  from space 30720K, 28% used [0x00000000fe200000,0x00000000fea7d7e8,0x0000000100000000)
  to   space 35840K, 0% used [0x00000000fba00000,0x00000000fba00000,0x00000000fdd00000)
 ParOldGen       total 239616K, used 127064K [0x00000000e0000000, 0x00000000eea00000, 0x00000000f5580000)
  object space 239616K, 53% used [0x00000000e0000000,0x00000000e7c16170,0x00000000eea00000)
 Metaspace       used 176921K, capacity 186375K, committed 199040K, reserved 1218560K
  class space    used 26977K, capacity 27676K, committed 29824K, reserved 1048576K
Event: 43372.514 GC heap after
Heap after GC invocations=121 (full 20):
 PSYoungGen      total 138752K, used 6413K [0x00000000f5580000, 0x0000000100000000, 0x0000000100000000)
  eden space 102912K, 0% used [0x00000000f5580000,0x00000000f5580000,0x00000000fba00000)
  from space 35840K, 17% used [0x00000000fba00000,0x00000000fc043700,0x00000000fdd00000)
  to   space 34816K, 0% used [0x00000000fde00000,0x00000000fde00000,0x0000000100000000)
 ParOldGen       total 239616K, used 127088K [0x00000000e0000000, 0x00000000eea00000, 0x00000000f5580000)
  object space 239616K, 53% used [0x00000000e0000000,0x00000000e7c1c170,0x00000000eea00000)
 Metaspace       used 176921K, capacity 186375K, committed 199040K, reserved 1218560K
  class space    used 26977K, capacity 27676K, committed 29824K, reserved 1048576K
}
Event: 44858.321 GC heap before
{Heap before GC invocations=122 (full 20):
 PSYoungGen      total 138752K, used 109325K [0x00000000f5580000, 0x0000000100000000, 0x0000000100000000)
  eden space 102912K, 100% used [0x00000000f5580000,0x00000000fba00000,0x00000000fba00000)
  from space 35840K, 17% used [0x00000000fba00000,0x00000000fc043700,0x00000000fdd00000)
  to   space 34816K, 0% used [0x00000000fde00000,0x00000000fde00000,0x0000000100000000)
 ParOldGen       total 239616K, used 127088K [0x00000000e0000000, 0x00000000eea00000, 0x00000000f5580000)
  object space 239616K, 53% used [0x00000000e0000000,0x00000000e7c1c170,0x00000000eea00000)
 Metaspace       used 178564K, capacity 188043K, committed 199040K, reserved 1218560K
  class space    used 27275K, capacity 27974K, committed 29824K, reserved 1048576K
Event: 44858.334 GC heap after
Heap after GC invocations=122 (full 20):
 PSYoungGen      total 135680K, used 7517K [0x00000000f5580000, 0x00000000ffd00000, 0x0000000100000000)
  eden space 103936K, 0% used [0x00000000f5580000,0x00000000f5580000,0x00000000fbb00000)
  from space 31744K, 23% used [0x00000000fde00000,0x00000000fe5575d0,0x00000000ffd00000)
  to   space 33792K, 0% used [0x00000000fbb00000,0x00000000fbb00000,0x00000000fdc00000)
 ParOldGen       total 239616K, used 133413K [0x00000000e0000000, 0x00000000eea00000, 0x00000000f5580000)
  object space 239616K, 55% used [0x00000000e0000000,0x00000000e8249758,0x00000000eea00000)
 Metaspace       used 178564K, capacity 188043K, committed 199040K, reserved 1218560K
  class space    used 27275K, capacity 27974K, committed 29824K, reserved 1048576K
}
Event: 44859.287 GC heap before
{Heap before GC invocations=123 (full 20):
 PSYoungGen      total 135680K, used 111453K [0x00000000f5580000, 0x00000000ffd00000, 0x0000000100000000)
  eden space 103936K, 100% used [0x00000000f5580000,0x00000000fbb00000,0x00000000fbb00000)
  from space 31744K, 23% used [0x00000000fde00000,0x00000000fe5575d0,0x00000000ffd00000)
  to   space 33792K, 0% used [0x00000000fbb00000,0x00000000fbb00000,0x00000000fdc00000)
 ParOldGen       total 239616K, used 133413K [0x00000000e0000000, 0x00000000eea00000, 0x00000000f5580000)
  object space 239616K, 55% used [0x00000000e0000000,0x00000000e8249758,0x00000000eea00000)
 Metaspace       used 181197K, capacity 190677K, committed 199040K, reserved 1218560K
  class space    used 27643K, capacity 28372K, committed 29824K, reserved 1048576K
Event: 44859.315 GC heap after
Heap after GC invocations=123 (full 20):
 PSYoungGen      total 137728K, used 24754K [0x00000000f5580000, 0x0000000100000000, 0x0000000100000000)
  eden space 103936K, 0% used [0x00000000f5580000,0x00000000f5580000,0x00000000fbb00000)
  from space 33792K, 73% used [0x00000000fbb00000,0x00000000fd32cbc8,0x00000000fdc00000)
  to   space 36352K, 0% used [0x00000000fdc80000,0x00000000fdc80000,0x0000000100000000)
 ParOldGen       total 239616K, used 133413K [0x00000000e0000000, 0x00000000eea00000, 0x00000000f5580000)
  object space 239616K, 55% used [0x00000000e0000000,0x00000000e8249758,0x00000000eea00000)
 Metaspace       used 181197K, capacity 190677K, committed 199040K, reserved 1218560K
  class space    used 27643K, capacity 28372K, committed 29824K, reserved 1048576K
}
Event: 44860.028 GC heap before
{Heap before GC invocations=124 (full 20):
 PSYoungGen      total 137728K, used 128690K [0x00000000f5580000, 0x0000000100000000, 0x0000000100000000)
  eden space 103936K, 100% used [0x00000000f5580000,0x00000000fbb00000,0x00000000fbb00000)
  from space 33792K, 73% used [0x00000000fbb00000,0x00000000fd32cbc8,0x00000000fdc00000)
  to   space 36352K, 0% used [0x00000000fdc80000,0x00000000fdc80000,0x0000000100000000)
 ParOldGen       total 239616K, used 133413K [0x00000000e0000000, 0x00000000eea00000, 0x00000000f5580000)
  object space 239616K, 55% used [0x00000000e0000000,0x00000000e8249758,0x00000000eea00000)
 Metaspace       used 181239K, capacity 190741K, committed 199040K, reserved 1218560K
  class space    used 27643K, capacity 28372K, committed 29824K, reserved 1048576K
Event: 44860.064 GC heap after
Heap after GC invocations=124 (full 20):
 PSYoungGen      total 137216K, used 21607K [0x00000000f5580000, 0x0000000100000000, 0x0000000100000000)
  eden space 100864K, 0% used [0x00000000f5580000,0x00000000f5580000,0x00000000fb800000)
  from space 36352K, 59% used [0x00000000fdc80000,0x00000000ff199d10,0x0000000100000000)
  to   space 36864K, 0% used [0x00000000fb800000,0x00000000fb800000,0x00000000fdc00000)
 ParOldGen       total 239616K, used 133413K [0x00000000e0000000, 0x00000000eea00000, 0x00000000f5580000)
  object space 239616K, 55% used [0x00000000e0000000,0x00000000e8249758,0x00000000eea00000)
 Metaspace       used 181239K, capacity 190741K, committed 199040K, reserved 1218560K
  class space    used 27643K, capacity 28372K, committed 29824K, reserved 1048576K
}
Event: 44861.271 GC heap before
{Heap before GC invocations=125 (full 20):
 PSYoungGen      total 137216K, used 122471K [0x00000000f5580000, 0x0000000100000000, 0x0000000100000000)
  eden space 100864K, 100% used [0x00000000f5580000,0x00000000fb800000,0x00000000fb800000)
  from space 36352K, 59% used [0x00000000fdc80000,0x00000000ff199d10,0x0000000100000000)
  to   space 36864K, 0% used [0x00000000fb800000,0x00000000fb800000,0x00000000fdc00000)
 ParOldGen       total 239616K, used 133413K [0x00000000e0000000, 0x00000000eea00000, 0x00000000f5580000)
  object space 239616K, 55% used [0x00000000e0000000,0x00000000e8249758,0x00000000eea00000)
 Metaspace       used 181285K, capacity 190741K, committed 199040K, reserved 1218560K
  class space    used 27643K, capacity 28372K, committed 29824K, reserved 1048576K
Event: 44861.306 GC heap after
Heap after GC invocations=125 (full 20):
 PSYoungGen      total 135680K, used 34615K [0x00000000f5580000, 0x0000000100000000, 0x0000000100000000)
  eden space 100864K, 0% used [0x00000000f5580000,0x00000000f5580000,0x00000000fb800000)
  from space 34816K, 99% used [0x00000000fb800000,0x00000000fd9cdce8,0x00000000fda00000)
  to   space 38912K, 0% used [0x00000000fda00000,0x00000000fda00000,0x0000000100000000)
 ParOldGen       total 239616K, used 133413K [0x00000000e0000000, 0x00000000eea00000, 0x00000000f5580000)
  object space 239616K, 55% used [0x00000000e0000000,0x00000000e8249758,0x00000000eea00000)
 Metaspace       used 181285K, capacity 190741K, committed 199040K, reserved 1218560K
  class space    used 27643K, capacity 28372K, committed 29824K, reserved 1048576K
}

Deoptimization events (10 events):
Event: 44859.818 Thread 0x0000000052b8e800 Uncommon trap: reason=class_check action=maybe_recompile pc=0x0000000007d0706c method=scala.collection.TraversableLike.$anonfun$flatMap$1(Lscala/Function1;Lscala/collection/mutable/Builder;Ljava/lang/Object;)Lscala/collection/mutable/Builder; @ 3
Event: 44860.077 Thread 0x0000000052b8e800 Uncommon trap: reason=speculate_class_check action=maybe_recompile pc=0x00000000059ba160 method=xsbt.Dependency$ExtractDependenciesTraverser.traverse(Lscala/reflect/internal/Trees$Tree;)V @ 431
Event: 44860.077 Thread 0x0000000052b8e800 Uncommon trap: reason=speculate_class_check action=maybe_recompile pc=0x00000000059ba160 method=xsbt.Dependency$ExtractDependenciesTraverser.traverse(Lscala/reflect/internal/Trees$Tree;)V @ 431
Event: 44860.077 Thread 0x0000000052b8e800 Uncommon trap: reason=speculate_class_check action=maybe_recompile pc=0x00000000059ba160 method=xsbt.Dependency$ExtractDependenciesTraverser.traverse(Lscala/reflect/internal/Trees$Tree;)V @ 431
Event: 44860.077 Thread 0x0000000052b8e800 Uncommon trap: reason=speculate_class_check action=maybe_recompile pc=0x00000000059ba160 method=xsbt.Dependency$ExtractDependenciesTraverser.traverse(Lscala/reflect/internal/Trees$Tree;)V @ 431
Event: 44860.680 Thread 0x0000000052b8e800 Uncommon trap: reason=unstable_if action=reinterpret pc=0x0000000007f1e650 method=scala.tools.nsc.transform.ExplicitOuter.transformInfo(Lscala/reflect/internal/Symbols$Symbol;Lscala/reflect/internal/Types$Type;)Lscala/reflect/internal/Types$Type; @ 40
Event: 44860.728 Thread 0x0000000052b8e800 Uncommon trap: reason=unstable_if action=reinterpret pc=0x0000000007dcfff0 method=scala.tools.nsc.ast.TreeInfo.ValueClass()Lscala/tools/nsc/ast/TreeInfo$ValueClass$; @ 4
Event: 44860.814 Thread 0x0000000052b8e800 Uncommon trap: reason=unstable_if action=reinterpret pc=0x000000000477060c method=scala.tools.nsc.backend.jvm.BTypes.CHAR()Lscala/tools/nsc/backend/jvm/BTypes$CHAR$; @ 4
Event: 44860.814 Thread 0x0000000052b8e800 Uncommon trap: reason=unstable_if action=reinterpret pc=0x000000000563540c method=scala.tools.nsc.backend.jvm.BTypes.BYTE()Lscala/tools/nsc/backend/jvm/BTypes$BYTE$; @ 4
Event: 44860.814 Thread 0x0000000052b8e800 Uncommon trap: reason=unstable_if action=reinterpret pc=0x0000000005a88fcc method=scala.tools.nsc.backend.jvm.BTypes.SHORT()Lscala/tools/nsc/backend/jvm/BTypes$SHORT$; @ 4

Internal exceptions (10 events):
Event: 44861.756 Thread 0x0000000052b8e800 Exception <a 'java/io/FileNotFoundException'> (0x00000000f7184088) thrown at [C:\re\workspace\8-2-build-windows-amd64-cygwin\jdk8u131\8869\hotspot\src\share\vm\prims\jni.cpp, line 709]
Event: 44861.757 Thread 0x0000000052b8e800 Exception <a 'java/io/FileNotFoundException'> (0x00000000f7185e00) thrown at [C:\re\workspace\8-2-build-windows-amd64-cygwin\jdk8u131\8869\hotspot\src\share\vm\prims\jni.cpp, line 709]
Event: 44861.920 Thread 0x0000000052b8e800 Exception <a 'java/lang/ArrayIndexOutOfBoundsException': 1> (0x00000000f767ea78) thrown at [C:\re\workspace\8-2-build-windows-amd64-cygwin\jdk8u131\8869\hotspot\src\share\vm\interpreter\interpreterRuntime.cpp, line 366]
Event: 44861.923 Thread 0x0000000052b8e800 Exception <a 'java/lang/ArrayIndexOutOfBoundsException': 1> (0x00000000f76bdb38) thrown at [C:\re\workspace\8-2-build-windows-amd64-cygwin\jdk8u131\8869\hotspot\src\share\vm\interpreter\interpreterRuntime.cpp, line 366]
Event: 44861.925 Thread 0x0000000052b8e800 Exception <a 'java/lang/ArrayIndexOutOfBoundsException': 1> (0x00000000f76fcc58) thrown at [C:\re\workspace\8-2-build-windows-amd64-cygwin\jdk8u131\8869\hotspot\src\share\vm\interpreter\interpreterRuntime.cpp, line 366]
Event: 44862.131 Thread 0x0000000052b8e800 Exception <a 'java/lang/ArrayIndexOutOfBoundsException': 1> (0x00000000f9a07db0) thrown at [C:\re\workspace\8-2-build-windows-amd64-cygwin\jdk8u131\8869\hotspot\src\share\vm\interpreter\interpreterRuntime.cpp, line 366]
Event: 44862.134 Thread 0x0000000052b8e800 Exception <a 'java/lang/ArrayIndexOutOfBoundsException': 1> (0x00000000f9a48ea0) thrown at [C:\re\workspace\8-2-build-windows-amd64-cygwin\jdk8u131\8869\hotspot\src\share\vm\interpreter\interpreterRuntime.cpp, line 366]
Event: 44862.137 Thread 0x0000000052b8e800 Exception <a 'java/lang/ArrayIndexOutOfBoundsException': 1> (0x00000000f9a89e00) thrown at [C:\re\workspace\8-2-build-windows-amd64-cygwin\jdk8u131\8869\hotspot\src\share\vm\interpreter\interpreterRuntime.cpp, line 366]
Event: 44862.193 Thread 0x0000000052b8e800 Exception <a 'java/lang/ArrayIndexOutOfBoundsException': 1> (0x00000000f9fd8c00) thrown at [C:\re\workspace\8-2-build-windows-amd64-cygwin\jdk8u131\8869\hotspot\src\share\vm\interpreter\interpreterRuntime.cpp, line 366]
Event: 44862.195 Thread 0x0000000052b8e800 Exception <a 'java/lang/ArrayIndexOutOfBoundsException': 1> (0x00000000f9ffaa60) thrown at [C:\re\workspace\8-2-build-windows-amd64-cygwin\jdk8u131\8869\hotspot\src\share\vm\interpreter\interpreterRuntime.cpp, line 366]

Events (10 events):
Event: 44861.329 Thread 0x000000004cad9800 flushing nmethod 0x0000000002fc3810
Event: 44861.330 Thread 0x000000004cad9800 flushing nmethod 0x000000000321f210
Event: 44861.370 Thread 0x000000004e589800 flushing nmethod 0x00000000034ae0d0
Event: 44861.372 Thread 0x000000004e589800 flushing nmethod 0x0000000003740b50
Event: 44861.372 Thread 0x000000004e589800 flushing nmethod 0x000000000387c450
Event: 44861.374 Thread 0x000000004e589800 flushing nmethod 0x0000000003a2a510
Event: 44861.374 Thread 0x000000004e589800 flushing nmethod 0x0000000003ac0090
Event: 44861.439 Thread 0x000000004e589800 flushing nmethod 0x00000000060753d0
Event: 44861.439 Thread 0x000000004e589800 flushing nmethod 0x0000000006077a90
Event: 44861.443 Thread 0x000000004e589800 flushing nmethod 0x0000000006c307d0


Dynamic libraries:
0x000000013f1b0000 - 0x000000013f1e7000 	C:\Program Files\Java\jdk1.8.0_131\bin\java.exe
0x00000000775d0000 - 0x000000007777a000 	C:\Windows\SYSTEM32\ntdll.dll
0x00000000773b0000 - 0x00000000774cf000 	C:\Windows\system32\kernel32.dll
0x000007fefd5d0000 - 0x000007fefd63a000 	C:\Windows\system32\KERNELBASE.dll
0x000007fefd680000 - 0x000007fefd75b000 	C:\Windows\system32\ADVAPI32.dll
0x000007fefd760000 - 0x000007fefd7ff000 	C:\Windows\system32\msvcrt.dll
0x000007feff4b0000 - 0x000007feff4cf000 	C:\Windows\SYSTEM32\sechost.dll
0x000007feff4d0000 - 0x000007feff5fd000 	C:\Windows\system32\RPCRT4.dll
0x00000000774d0000 - 0x00000000775ca000 	C:\Windows\system32\USER32.dll
0x000007fefdf40000 - 0x000007fefdfa7000 	C:\Windows\system32\GDI32.dll
0x000007fefdbb0000 - 0x000007fefdbbe000 	C:\Windows\system32\LPK.dll
0x000007fefee40000 - 0x000007fefef0b000 	C:\Windows\system32\USP10.dll
0x000007fefbd10000 - 0x000007fefbf04000 	C:\Windows\WinSxS\amd64_microsoft.windows.common-controls_6595b64144ccf1df_6.0.7601.18837_none_fa3b1e3d17594757\COMCTL32.dll
0x000007fefdb30000 - 0x000007fefdba1000 	C:\Windows\system32\SHLWAPI.dll
0x000007feff480000 - 0x000007feff4ae000 	C:\Windows\system32\IMM32.DLL
0x000007fefde30000 - 0x000007fefdf39000 	C:\Windows\system32\MSCTF.dll
0x0000000071df0000 - 0x0000000071ec2000 	C:\Program Files\Java\jdk1.8.0_131\jre\bin\msvcr100.dll
0x0000000061360000 - 0x0000000061bfc000 	C:\Program Files\Java\jdk1.8.0_131\jre\bin\server\jvm.dll
0x000007fef1d80000 - 0x000007fef1d89000 	C:\Windows\system32\WSOCK32.dll
0x000007fefef10000 - 0x000007fefef5d000 	C:\Windows\system32\WS2_32.dll
0x000007feff8d0000 - 0x000007feff8d8000 	C:\Windows\system32\NSI.dll
0x000007fefb0a0000 - 0x000007fefb0db000 	C:\Windows\system32\WINMM.dll
0x000007fefc3a0000 - 0x000007fefc3ac000 	C:\Windows\system32\VERSION.dll
0x00000000777a0000 - 0x00000000777a7000 	C:\Windows\system32\PSAPI.DLL
0x00000000740a0000 - 0x00000000740af000 	C:\Program Files\Java\jdk1.8.0_131\jre\bin\verify.dll
0x0000000073bb0000 - 0x0000000073bd9000 	C:\Program Files\Java\jdk1.8.0_131\jre\bin\java.dll
0x0000000073b90000 - 0x0000000073ba6000 	C:\Program Files\Java\jdk1.8.0_131\jre\bin\zip.dll
0x000007fefe090000 - 0x000007fefee1a000 	C:\Windows\system32\SHELL32.dll
0x000007feff280000 - 0x000007feff47c000 	C:\Windows\system32\ole32.dll
0x000007fefd2c0000 - 0x000007fefd2cf000 	C:\Windows\system32\profapi.dll
0x0000000073b70000 - 0x0000000073b8a000 	C:\Program Files\Java\jdk1.8.0_131\jre\bin\net.dll
0x000007fefca60000 - 0x000007fefcab5000 	C:\Windows\system32\mswsock.dll
0x000007fefccf0000 - 0x000007fefccf7000 	C:\Windows\System32\wship6.dll
0x0000000073b50000 - 0x0000000073b61000 	C:\Program Files\Java\jdk1.8.0_131\jre\bin\nio.dll
0x000007fefcac0000 - 0x000007fefcad8000 	C:\Windows\system32\CRYPTSP.dll
0x000007fefc7a0000 - 0x000007fefc7e7000 	C:\Windows\system32\rsaenh.dll
0x000007fefd560000 - 0x000007fefd57e000 	C:\Windows\system32\USERENV.dll
0x000007fefd160000 - 0x000007fefd16f000 	C:\Windows\system32\CRYPTBASE.dll
0x000007fefaa60000 - 0x000007fefaa87000 	C:\Windows\system32\IPHLPAPI.DLL
0x000007fefaa50000 - 0x000007fefaa5b000 	C:\Windows\system32\WINNSI.DLL
0x000007fefa4a0000 - 0x000007fefa4b8000 	C:\Windows\system32\dhcpcsvc.DLL
0x000007fefa480000 - 0x000007fefa491000 	C:\Windows\system32\dhcpcsvc6.DLL
0x000007fefaca0000 - 0x000007fefacaa000 	C:\Users\Renzo\AppData\Local\Temp\jansi-64-1-3771723926312408479.11
0x000007fefaf50000 - 0x000007fefaf65000 	C:\Windows\system32\NLAapi.dll
0x000007fef58a0000 - 0x000007fef58b5000 	C:\Windows\system32\napinsp.dll
0x000007fef5880000 - 0x000007fef5899000 	C:\Windows\system32\pnrpnsp.dll
0x000007fef5870000 - 0x000007fef5880000 	C:\Windows\system32\wshbth.dll
0x000007fefc890000 - 0x000007fefc8eb000 	C:\Windows\system32\DNSAPI.dll
0x000007fef5860000 - 0x000007fef586b000 	C:\Windows\System32\winrnr.dll
0x0000000073760000 - 0x0000000073786000 	C:\Program Files\Bonjour\mdnsNSP.dll
0x000007fefc8f0000 - 0x000007fefc8f7000 	C:\Windows\System32\wshtcpip.dll
0x000007fef4be0000 - 0x000007fef4be8000 	C:\Windows\system32\rasadhlp.dll
0x000007fefa760000 - 0x000007fefa7b3000 	C:\Windows\System32\fwpuclnt.dll
0x0000000071dc0000 - 0x0000000071de4000 	C:\Program Files\Java\jdk1.8.0_131\jre\bin\sunec.dll
0x0000000073b40000 - 0x0000000073b4b000 	C:\Program Files\Java\jdk1.8.0_131\jre\bin\sunmscapi.dll
0x000007fefd350000 - 0x000007fefd4bd000 	C:\Windows\system32\CRYPT32.dll
0x000007fefd2d0000 - 0x000007fefd2df000 	C:\Windows\system32\MSASN1.dll
0x000007fef6200000 - 0x000007fef6325000 	C:\Windows\system32\dbghelp.dll

VM Arguments:
jvm_args: -Xmx512M -XX:MaxPermSize=256m -XX:ReservedCodeCacheSize=128m -Dsbt.log.format=true 
java_command: xsbt.boot.Boot
java_class_path (initial): D:\WS_INTELLIJ\sistemas\documento-web\sbt-dist\bin\sbt-launch.jar
Launcher Type: SUN_STANDARD

Environment Variables:
JAVA_HOME=C:\Program Files\Java\jdk1.8.0_131
PATH=C:\Program Files\Java\jdk1.8.0_131\bin;C:\ProgramData\Oracle\Java\javapath;C:\Windows\system32;C:\Windows;C:\Windows\System32\Wbem;C:\Windows\System32\WindowsPowerShell\v1.0\;C:\Program Files\MySQL\MySQL Utilities 1.6\;C:\Program Files (x86)\Skype\Phone\;C:\Program Files\Git\cmd
USERNAME=Renzo
OS=Windows_NT
PROCESSOR_IDENTIFIER=Intel64 Family 6 Model 42 Stepping 7, GenuineIntel



---------------  S Y S T E M  ---------------

OS: Windows 7 , 64 bit Build 7601 (6.1.7601.23915)

CPU:total 4 (initial active 4) (2 cores per cpu, 2 threads per core) family 6 model 42 stepping 7, cmov, cx8, fxsr, mmx, sse, sse2, sse3, ssse3, sse4.1, sse4.2, popcnt, avx, aes, clmul, ht, tsc, tscinvbit

Memory: 4k page, physical 8331120k(1413812k free), swap 30886760k(21465908k free)

vm_info: Java HotSpot(TM) 64-Bit Server VM (25.131-b11) for windows-amd64 JRE (1.8.0_131-b11), built on Mar 15 2017 01:23:53 by "java_re" with MS VC++ 10.0 (VS2010)

time: Tue Dec 12 09:18:21 2017
elapsed time: 44862 seconds (0d 12h 27m 42s)

