#
# A fatal error has been detected by the Java Runtime Environment:
#
#  EXCEPTION_ACCESS_VIOLATION (0xc0000005) at pc=0x000000005aa23c4a, pid=6304, tid=0x0000000000002048
#
# JRE version: Java(TM) SE Runtime Environment (8.0_131-b11) (build 1.8.0_131-b11)
# Java VM: Java HotSpot(TM) 64-Bit Server VM (25.131-b11 mixed mode windows-amd64 compressed oops)
# Problematic frame:
# V  [jvm.dll+0x403c4a]
#
# Failed to write core dump. Minidumps are not enabled by default on client versions of Windows
#
# If you would like to submit a bug report, please visit:
#   http://bugreport.java.com/bugreport/crash.jsp
#

---------------  T H R E A D  ---------------

Current thread (0x00000000021e0800):  GCTaskThread [stack: 0x000000000acd0000,0x000000000add0000] [id=8264]

siginfo: ExceptionCode=0xc0000005, reading address 0xffffffffffffffff

Registers:
RAX=0x180add007280c092, RBX=0x000000000adcfd20, RCX=0x000000000d486090, RDX=0x000000000adcfd30
RSP=0x000000000adcfc70, RBP=0x0000000000000000, RSI=0x000000000adcfd20, RDI=0x0000000053d95ab0
R8 =0x000000000d486090, R9 =0x0000000000000005, R10=0x000000000c1c1ef8, R11=0x000000005ac74f50
R12=0x000000000adcfcf0, R13=0x00000000021dab00, R14=0x00000000021e0af0, R15=0x00000000021e0b00
RIP=0x000000005aa23c4a, EFLAGS=0x0000000000010246

Top of Stack: (sp=0x000000000adcfc70)
0x000000000adcfc70:   000000000adcfd20 0000000000000000
0x000000000adcfc80:   000000000adcfd20 0000000056dfeaa0
0x000000000adcfc90:   000000000d486090 000000005a682e2c
0x000000000adcfca0:   0000000000000000 000000000adcfd20
0x000000000adcfcb0:   0000000053d95ab0 0000000000000000
0x000000000adcfcc0:   000000005ac74ca0 000000005aa23e53
0x000000000adcfcd0:   000000005100b100 000000000adcfd50
0x000000000adcfce0:   0000000000000000 000000004cb48900
0x000000000adcfcf0:   000000005ac74dc0 000000005aa23f00
0x000000000adcfd00:   000000004cb48900 000000005ac75018
0x000000000adcfd10:   000000004cb48900 000000004cb48900
0x000000000adcfd20:   000000005ac75008 00000000021d6300
0x000000000adcfd30:   000000005ac74f50 000000005aa12200
0x000000000adcfd40:   000000004cb48900 000000000d486090
0x000000000adcfd50:   000000005100b100 00000000021e0800
0x000000000adcfd60:   0000000000000000 000000005aa1302e 

Instructions: (pc=0x000000005aa23c4a)
0x000000005aa23c2a:   00 00 01 4c 8b c2 48 8b d9 75 23 c6 82 c0 00 00
0x000000005aa23c3a:   00 00 48 89 51 28 48 8b 02 48 8d 51 10 49 8b c8
0x000000005aa23c4a:   ff 90 68 01 00 00 48 c7 43 28 00 00 00 00 48 83
0x000000005aa23c5a:   c4 20 5b c3 cc cc 48 89 5c 24 08 57 48 83 ec 40 


Register to memory mapping:

RAX=0x180add007280c092 is an unknown value
RBX=0x000000000adcfd20 is an unknown value
RCX=0x000000000d486090 is pointing into metadata
RDX=0x000000000adcfd30 is an unknown value
RSP=0x000000000adcfc70 is an unknown value
RBP=0x0000000000000000 is an unknown value
RSI=0x000000000adcfd20 is an unknown value
RDI=0x0000000053d95ab0 is an unknown value
R8 =0x000000000d486090 is pointing into metadata
R9 =0x0000000000000005 is an unknown value
R10=0x000000000c1c1ef8 is pointing into metadata
R11=0x000000005ac74f50 is an unknown value
R12=0x000000000adcfcf0 is an unknown value
R13=0x00000000021dab00 is an unknown value
R14=0x00000000021e0af0 is an unknown value
R15=0x00000000021e0b00 is an unknown value


Stack: [0x000000000acd0000,0x000000000add0000],  sp=0x000000000adcfc70,  free space=1023k
Native frames: (J=compiled Java code, j=interpreted, Vv=VM code, C=native code)


---------------  P R O C E S S  ---------------

Java Threads: ( => current thread )
  0x00000000510e4000 JavaThread "HikariPool-1 connection adder" daemon [_thread_blocked, id=3356, stack(0x00000000579c0000,0x0000000057ac0000)]
  0x00000000510e4800 JavaThread "HikariPool-1 connection closer" daemon [_thread_blocked, id=1372, stack(0x0000000055e10000,0x0000000055f10000)]
  0x0000000051b26000 JavaThread "play-dev-mode-akka.actor.default-dispatcher-11" [_thread_blocked, id=4020, stack(0x0000000060a20000,0x0000000060b20000)]
  0x0000000055805000 JavaThread "Thread-10" daemon [_thread_in_native, id=12736, stack(0x0000000060870000,0x0000000060970000)]
  0x0000000050390000 JavaThread "com.google.common.base.internal.Finalizer" daemon [_thread_blocked, id=13128, stack(0x000000005efa0000,0x000000005f0a0000)]
  0x000000005038e800 JavaThread "application-akka.actor.default-dispatcher-4" [_thread_blocked, id=4632, stack(0x000000005d920000,0x000000005da20000)]
  0x0000000055805800 JavaThread "application-scheduler-1" [_thread_blocked, id=12388, stack(0x000000005e190000,0x000000005e290000)]
  0x0000000055803800 JavaThread "HikariPool-1 housekeeper" daemon [_thread_blocked, id=8316, stack(0x0000000058260000,0x0000000058360000)]
  0x0000000055804000 JavaThread "Abandoned connection cleanup thread" daemon [_thread_blocked, id=12976, stack(0x000000005c8f0000,0x000000005c9f0000)]
  0x0000000055802800 JavaThread "AsyncAppender-Worker-ASYNCSTDOUT" daemon [_thread_blocked, id=12584, stack(0x000000005c560000,0x000000005c660000)]
  0x0000000055806800 JavaThread "AsyncAppender-Worker-ASYNCFILE" daemon [_thread_blocked, id=12680, stack(0x000000005af30000,0x000000005b030000)]
  0x00000000510e6000 JavaThread "play-dev-mode-akka.io.pinned-dispatcher-8" [_thread_in_native, id=9052, stack(0x000000005a270000,0x000000005a370000)]
  0x00000000510e0000 JavaThread "play-dev-mode-scheduler-1" [_thread_blocked, id=7772, stack(0x0000000059de0000,0x0000000059ee0000)]
  0x0000000051b27800 JavaThread "reloader-timer" daemon [_thread_blocked, id=10852, stack(0x00000000596b0000,0x00000000597b0000)]
  0x0000000051b27000 JavaThread "sbt-play-watch-service" daemon [_thread_blocked, id=8128, stack(0x0000000059560000,0x0000000059660000)]
  0x0000000051b25800 JavaThread "Thread-1" daemon [_thread_in_native, id=12880, stack(0x00000000591a0000,0x00000000592a0000)]
  0x0000000050812800 JavaThread "pool-11-thread-1" [_thread_in_native, id=6556, stack(0x0000000058840000,0x0000000058940000)]
  0x00000000552c6000 JavaThread "sbt-web-akka.actor.default-dispatcher-4" [_thread_blocked, id=6832, stack(0x0000000057f40000,0x0000000058040000)]
  0x0000000051886800 JavaThread "sbt-web-scheduler-1" [_thread_blocked, id=12812, stack(0x000000004eb20000,0x000000004ec20000)]
  0x000000004cbbf800 JavaThread "Service Thread" daemon [_thread_blocked, id=8708, stack(0x000000004ee80000,0x000000004ef80000)]
  0x000000004e04c000 JavaThread "C1 CompilerThread2" daemon [_thread_blocked, id=12452, stack(0x000000004ec50000,0x000000004ed50000)]
  0x000000004e047000 JavaThread "C2 CompilerThread1" daemon [_thread_blocked, id=9516, stack(0x000000004ea20000,0x000000004eb20000)]
  0x000000004e045000 JavaThread "C2 CompilerThread0" daemon [_thread_blocked, id=8016, stack(0x000000004e8b0000,0x000000004e9b0000)]
  0x000000004e040800 JavaThread "Attach Listener" daemon [_thread_blocked, id=1244, stack(0x000000004e780000,0x000000004e880000)]
  0x000000004cbb4000 JavaThread "Signal Dispatcher" daemon [_thread_blocked, id=8980, stack(0x000000004e580000,0x000000004e680000)]
  0x000000004cb9a000 JavaThread "Finalizer" daemon [_thread_blocked, id=800, stack(0x000000004dbe0000,0x000000004dce0000)]
  0x000000004cb53000 JavaThread "Reference Handler" daemon [_thread_blocked, id=9824, stack(0x000000004df40000,0x000000004e040000)]
  0x0000000001caf000 JavaThread "main" [_thread_blocked, id=4340, stack(0x00000000024c0000,0x00000000025c0000)]

Other Threads:
  0x000000004cb4b800 VMThread [stack: 0x000000004dce0000,0x000000004dde0000] [id=12748]
  0x000000004e0c9000 WatcherThread [stack: 0x000000004efd0000,0x000000004f0d0000] [id=1740]

=>0x00000000021e0800 (exited) GCTaskThread [stack: 0x000000000acd0000,0x000000000add0000] [id=8264]

VM state:at safepoint (normal execution)

VM Mutex/Monitor currently owned by a thread:  ([mutex/lock_event])
[0x0000000001cad220] Threads_lock - owner thread: 0x000000004cb4b800
[0x0000000001cad720] Heap_lock - owner thread: 0x0000000051886800

Heap:
 PSYoungGen      total 149504K, used 126464K [0x00000000f5580000, 0x0000000100000000, 0x0000000100000000)
  eden space 126464K, 100% used [0x00000000f5580000,0x00000000fd100000,0x00000000fd100000)
  from space 23040K, 0% used [0x00000000fd100000,0x00000000fd100000,0x00000000fe780000)
  to   space 23552K, 4% used [0x00000000fe900000,0x00000000fea0c0f0,0x0000000100000000)
 ParOldGen       total 155648K, used 59348K [0x00000000e0000000, 0x00000000e9800000, 0x00000000f5580000)
  object space 155648K, 38% used [0x00000000e0000000,0x00000000e39f51b8,0x00000000e9800000)
 Metaspace       used 111457K, capacity 116472K, committed 123028K, reserved 1153024K
  class space    used 18342K, capacity 18832K, committed 19968K, reserved 1048576K

Card table byte_map: [0x0000000002290000,0x00000000023a0000] byte_map_base: 0x0000000001b90000

Marking Bits: (ParMarkBitMap*) 0x000000005ae3c720
 Begin Bits: [0x000000000b0c0000, 0x000000000b8c0000)
 End Bits:   [0x000000000b8c0000, 0x000000000c0c0000)

Polling page: 0x0000000000130000

CodeCache: size=131072Kb used=24089Kb max_used=24760Kb free=106982Kb
 bounds [0x0000000002890000, 0x00000000040f0000, 0x000000000a890000]
 total_blobs=9872 nmethods=9200 adapters=581
 compilation: enabled

Compilation events (10 events):
Event: 3339.889 Thread 0x000000004e04c000 nmethod 11415 0x0000000003b7c250 code [0x0000000003b7c3c0, 0x0000000003b7c628]
Event: 6977.214 Thread 0x000000004e04c000 11416       1       java.util.concurrent.ThreadPoolExecutor::workerCountOf (5 bytes)
Event: 6977.214 Thread 0x000000004e04c000 nmethod 11416 0x0000000002d68590 code [0x0000000002d686e0, 0x0000000002d687d0]
Event: 6977.214 Thread 0x000000004e04c000 11417       3       java.util.concurrent.ScheduledThreadPoolExecutor::now (4 bytes)
Event: 6977.215 Thread 0x000000004e04c000 nmethod 11417 0x0000000003b7bf10 code [0x0000000003b7c060, 0x0000000003b7c1d0]
Event: 6977.224 Thread 0x000000004e047000 11418       4       java.util.concurrent.ThreadPoolExecutor::execute (132 bytes)
Event: 6977.224 Thread 0x000000004e04c000 11419       1       com.mysql.jdbc.ConnectionPropertiesImpl$IntegerConnectionProperty::getLowerBound (5 bytes)
Event: 6977.224 Thread 0x000000004e04c000 nmethod 11419 0x0000000002b7d350 code [0x0000000002b7d4a0, 0x0000000002b7d5b0]
Event: 6977.224 Thread 0x000000004e04c000 11420       1       com.mysql.jdbc.ConnectionPropertiesImpl$IntegerConnectionProperty::getUpperBound (5 bytes)
Event: 6977.224 Thread 0x000000004e04c000 nmethod 11420 0x0000000003dd2210 code [0x0000000003dd2360, 0x0000000003dd2470]

GC Heap History (10 events):
Event: 45.184 GC heap after
Heap after GC invocations=19 (full 5):
 PSYoungGen      total 148992K, used 16531K [0x00000000f5580000, 0x0000000100000000, 0x0000000100000000)
  eden space 125440K, 0% used [0x00000000f5580000,0x00000000f5580000,0x00000000fd000000)
  from space 23552K, 70% used [0x00000000fe900000,0x00000000ff924c28,0x0000000100000000)
  to   space 24576K, 0% used [0x00000000fd000000,0x00000000fd000000,0x00000000fe800000)
 ParOldGen       total 107008K, used 39653K [0x00000000e0000000, 0x00000000e6880000, 0x00000000f5580000)
  object space 107008K, 37% used [0x00000000e0000000,0x00000000e26b9708,0x00000000e6880000)
 Metaspace       used 84868K, capacity 87428K, committed 87640K, reserved 1122304K
  class space    used 15024K, capacity 15402K, committed 15488K, reserved 1048576K
}
Event: 46.655 GC heap before
{Heap before GC invocations=20 (full 5):
 PSYoungGen      total 148992K, used 141971K [0x00000000f5580000, 0x0000000100000000, 0x0000000100000000)
  eden space 125440K, 100% used [0x00000000f5580000,0x00000000fd000000,0x00000000fd000000)
  from space 23552K, 70% used [0x00000000fe900000,0x00000000ff924c28,0x0000000100000000)
  to   space 24576K, 0% used [0x00000000fd000000,0x00000000fd000000,0x00000000fe800000)
 ParOldGen       total 107008K, used 39653K [0x00000000e0000000, 0x00000000e6880000, 0x00000000f5580000)
  object space 107008K, 37% used [0x00000000e0000000,0x00000000e26b9708,0x00000000e6880000)
 Metaspace       used 93756K, capacity 96708K, committed 96856K, reserved 1130496K
  class space    used 16347K, capacity 16742K, committed 16768K, reserved 1048576K
Event: 46.669 GC heap after
Heap after GC invocations=20 (full 5):
 PSYoungGen      total 150016K, used 10709K [0x00000000f5580000, 0x00000000fff00000, 0x0000000100000000)
  eden space 125440K, 0% used [0x00000000f5580000,0x00000000f5580000,0x00000000fd000000)
  from space 24576K, 43% used [0x00000000fd000000,0x00000000fda75498,0x00000000fe800000)
  to   space 23552K, 0% used [0x00000000fe800000,0x00000000fe800000,0x00000000fff00000)
 ParOldGen       total 107008K, used 47294K [0x00000000e0000000, 0x00000000e6880000, 0x00000000f5580000)
  object space 107008K, 44% used [0x00000000e0000000,0x00000000e2e2fac8,0x00000000e6880000)
 Metaspace       used 93756K, capacity 96708K, committed 96856K, reserved 1130496K
  class space    used 16347K, capacity 16742K, committed 16768K, reserved 1048576K
}
Event: 48.545 GC heap before
{Heap before GC invocations=21 (full 5):
 PSYoungGen      total 150016K, used 136149K [0x00000000f5580000, 0x00000000fff00000, 0x0000000100000000)
  eden space 125440K, 100% used [0x00000000f5580000,0x00000000fd000000,0x00000000fd000000)
  from space 24576K, 43% used [0x00000000fd000000,0x00000000fda75498,0x00000000fe800000)
  to   space 23552K, 0% used [0x00000000fe800000,0x00000000fe800000,0x00000000fff00000)
 ParOldGen       total 107008K, used 47294K [0x00000000e0000000, 0x00000000e6880000, 0x00000000f5580000)
  object space 107008K, 44% used [0x00000000e0000000,0x00000000e2e2fac8,0x00000000e6880000)
 Metaspace       used 106740K, capacity 109946K, committed 110168K, reserved 1140736K
  class space    used 17793K, capacity 18202K, committed 18304K, reserved 1048576K
Event: 48.570 GC heap after
Heap after GC invocations=21 (full 5):
 PSYoungGen      total 148992K, used 13690K [0x00000000f5580000, 0x00000000ffe00000, 0x0000000100000000)
  eden space 126464K, 0% used [0x00000000f5580000,0x00000000f5580000,0x00000000fd100000)
  from space 22528K, 60% used [0x00000000fe800000,0x00000000ff55eb80,0x00000000ffe00000)
  to   space 23040K, 0% used [0x00000000fd100000,0x00000000fd100000,0x00000000fe780000)
 ParOldGen       total 107008K, used 49340K [0x00000000e0000000, 0x00000000e6880000, 0x00000000f5580000)
  object space 107008K, 46% used [0x00000000e0000000,0x00000000e302f2d0,0x00000000e6880000)
 Metaspace       used 106740K, capacity 109946K, committed 110168K, reserved 1140736K
  class space    used 17793K, capacity 18202K, committed 18304K, reserved 1048576K
}
Event: 57.188 GC heap before
{Heap before GC invocations=22 (full 5):
 PSYoungGen      total 148992K, used 128126K [0x00000000f5580000, 0x00000000ffe00000, 0x0000000100000000)
  eden space 126464K, 90% used [0x00000000f5580000,0x00000000fc541078,0x00000000fd100000)
  from space 22528K, 60% used [0x00000000fe800000,0x00000000ff55eb80,0x00000000ffe00000)
  to   space 23040K, 0% used [0x00000000fd100000,0x00000000fd100000,0x00000000fe780000)
 ParOldGen       total 107008K, used 49340K [0x00000000e0000000, 0x00000000e6880000, 0x00000000f5580000)
  object space 107008K, 46% used [0x00000000e0000000,0x00000000e302f2d0,0x00000000e6880000)
 Metaspace       used 117614K, capacity 122910K, committed 123028K, reserved 1153024K
  class space    used 19372K, capacity 19886K, committed 19968K, reserved 1048576K
Event: 57.200 GC heap after
Heap after GC invocations=22 (full 5):
 PSYoungGen      total 149504K, used 15313K [0x00000000f5580000, 0x0000000100000000, 0x0000000100000000)
  eden space 126464K, 0% used [0x00000000f5580000,0x00000000f5580000,0x00000000fd100000)
  from space 23040K, 66% used [0x00000000fd100000,0x00000000fdff4730,0x00000000fe780000)
  to   space 23552K, 0% used [0x00000000fe900000,0x00000000fe900000,0x0000000100000000)
 ParOldGen       total 107008K, used 49348K [0x00000000e0000000, 0x00000000e6880000, 0x00000000f5580000)
  object space 107008K, 46% used [0x00000000e0000000,0x00000000e30312d0,0x00000000e6880000)
 Metaspace       used 117614K, capacity 122910K, committed 123028K, reserved 1153024K
  class space    used 19372K, capacity 19886K, committed 19968K, reserved 1048576K
}
Event: 57.200 GC heap before
{Heap before GC invocations=23 (full 6):
 PSYoungGen      total 149504K, used 15313K [0x00000000f5580000, 0x0000000100000000, 0x0000000100000000)
  eden space 126464K, 0% used [0x00000000f5580000,0x00000000f5580000,0x00000000fd100000)
  from space 23040K, 66% used [0x00000000fd100000,0x00000000fdff4730,0x00000000fe780000)
  to   space 23552K, 0% used [0x00000000fe900000,0x00000000fe900000,0x0000000100000000)
 ParOldGen       total 107008K, used 49348K [0x00000000e0000000, 0x00000000e6880000, 0x00000000f5580000)
  object space 107008K, 46% used [0x00000000e0000000,0x00000000e30312d0,0x00000000e6880000)
 Metaspace       used 117614K, capacity 122910K, committed 123028K, reserved 1153024K
  class space    used 19372K, capacity 19886K, committed 19968K, reserved 1048576K
Event: 57.384 GC heap after
Heap after GC invocations=23 (full 6):
 PSYoungGen      total 149504K, used 0K [0x00000000f5580000, 0x0000000100000000, 0x0000000100000000)
  eden space 126464K, 0% used [0x00000000f5580000,0x00000000f5580000,0x00000000fd100000)
  from space 23040K, 0% used [0x00000000fd100000,0x00000000fd100000,0x00000000fe780000)
  to   space 23552K, 0% used [0x00000000fe900000,0x00000000fe900000,0x0000000100000000)
 ParOldGen       total 155648K, used 59340K [0x00000000e0000000, 0x00000000e9800000, 0x00000000f5580000)
  object space 155648K, 38% used [0x00000000e0000000,0x00000000e39f31b8,0x00000000e9800000)
 Metaspace       used 108971K, capacity 113812K, committed 123028K, reserved 1153024K
  class space    used 17995K, capacity 18438K, committed 19968K, reserved 1048576K
}
Event: 6977.403 GC heap before
{Heap before GC invocations=24 (full 6):
 PSYoungGen      total 149504K, used 126464K [0x00000000f5580000, 0x0000000100000000, 0x0000000100000000)
  eden space 126464K, 100% used [0x00000000f5580000,0x00000000fd100000,0x00000000fd100000)
  from space 23040K, 0% used [0x00000000fd100000,0x00000000fd100000,0x00000000fe780000)
  to   space 23552K, 0% used [0x00000000fe900000,0x00000000fe900000,0x0000000100000000)
 ParOldGen       total 155648K, used 59340K [0x00000000e0000000, 0x00000000e9800000, 0x00000000f5580000)
  object space 155648K, 38% used [0x00000000e0000000,0x00000000e39f31b8,0x00000000e9800000)
 Metaspace       used 111457K, capacity 116472K, committed 123028K, reserved 1153024K
  class space    used 18342K, capacity 18832K, committed 19968K, reserved 1048576K

Deoptimization events (10 events):
Event: 50.075 Thread 0x00000000510e2800 Uncommon trap: reason=unstable_if action=reinterpret pc=0x00000000040319c0 method=java.lang.invoke.MethodType$ConcurrentWeakInternSet.add(Ljava/lang/Object;)Ljava/lang/Object; @ 47
Event: 50.129 Thread 0x00000000510e2800 Uncommon trap: reason=unstable_if action=reinterpret pc=0x000000000407ec34 method=java.util.concurrent.ConcurrentHashMap.putVal(Ljava/lang/Object;Ljava/lang/Object;Z)Ljava/lang/Object; @ 113
Event: 57.154 Thread 0x00000000510e4800 Uncommon trap: reason=unstable_if action=reinterpret pc=0x00000000036b9ef8 method=java.util.Collections.unmodifiableList(Ljava/util/List;)Ljava/util/List; @ 4
Event: 57.386 Thread 0x000000004cb9a000 Uncommon trap: reason=unstable_if action=reinterpret pc=0x0000000002c25710 method=java.lang.ref.ReferenceQueue.poll()Ljava/lang/ref/Reference; @ 4
Event: 57.938 Thread 0x0000000055808800 Uncommon trap: reason=unstable_if action=reinterpret pc=0x0000000003f63174 method=java.util.HashMap.putMapEntries(Ljava/util/Map;Z)V @ 53
Event: 58.125 Thread 0x00000000510e2800 Uncommon trap: reason=array_check action=maybe_recompile pc=0x0000000003f5dce4 method=scala.collection.mutable.ArrayBuilder$ofRef.$plus$eq(Ljava/lang/Object;)Lscala/collection/mutable/ArrayBuilder$ofRef; @ 19
Event: 58.125 Thread 0x00000000510e2800 Uncommon trap: reason=array_check action=maybe_recompile pc=0x0000000003f5dce4 method=scala.collection.mutable.ArrayBuilder$ofRef.$plus$eq(Ljava/lang/Object;)Lscala/collection/mutable/ArrayBuilder$ofRef; @ 19
Event: 58.132 Thread 0x00000000510e2800 Uncommon trap: reason=array_check action=maybe_recompile pc=0x0000000003f5dce4 method=scala.collection.mutable.ArrayBuilder$ofRef.$plus$eq(Ljava/lang/Object;)Lscala/collection/mutable/ArrayBuilder$ofRef; @ 19
Event: 58.132 Thread 0x00000000510e2800 Uncommon trap: reason=array_check action=maybe_recompile pc=0x0000000003f5dce4 method=scala.collection.mutable.ArrayBuilder$ofRef.$plus$eq(Ljava/lang/Object;)Lscala/collection/mutable/ArrayBuilder$ofRef; @ 19
Event: 6977.224 Thread 0x00000000510e4800 Uncommon trap: reason=unstable_if action=reinterpret pc=0x0000000003ca2528 method=java.util.concurrent.LinkedBlockingQueue.offer(Ljava/lang/Object;)Z @ 82

Internal exceptions (10 events):
Event: 134.052 Thread 0x0000000050391800 Exception <a 'java/lang/NoSuchMethodError': java.lang.Object.$anonfun$stopFunctionRefs$1$adapted(Lakka/actor/FunctionRef;)Ljava/lang/Object;> (0x00000000f6eb7be0) thrown at [C:\re\workspace\8-2-build-windows-amd64-cygwin\jdk8u131\8869\hotspot\src\share\vm
Event: 134.052 Thread 0x00000000510df800 Exception <a 'java/lang/NoSuchMethodError': java.lang.Object.$anonfun$watchingGet$1(Lakka/actor/dungeon/DeathWatch;Lakka/actor/ActorRef;)Lscala/Option;> (0x00000000f6e70018) thrown at [C:\re\workspace\8-2-build-windows-amd64-cygwin\jdk8u131\8869\hotspot\s
Event: 134.052 Thread 0x0000000050391800 Exception <a 'java/lang/NoSuchMethodError': java.lang.Object.$anonfun$tellWatchersWeDied$1$adapted(Lakka/actor/dungeon/DeathWatch;Lakka/actor/ActorRef;)Ljava/lang/Object;> (0x00000000f6ebb668) thrown at [C:\re\workspace\8-2-build-windows-amd64-cygwin\jdk8
Event: 134.052 Thread 0x00000000510e1000 Exception <a 'java/lang/NoSuchMethodError': java.lang.Object.$anonfun$removeFunctionRef$1()Ljava/lang/String;> (0x00000000f6ec66e0) thrown at [C:\re\workspace\8-2-build-windows-amd64-cygwin\jdk8u131\8869\hotspot\src\share\vm\interpreter\linkResolver.cpp, 
Event: 134.053 Thread 0x00000000510df800 Exception <a 'java/lang/NoSuchMethodError': java.lang.Object.$anonfun$watchedActorTerminated$1(Lakka/actor/dungeon/DeathWatch;Lakka/actor/ActorRef;)V> (0x00000000f6e74738) thrown at [C:\re\workspace\8-2-build-windows-amd64-cygwin\jdk8u131\8869\hotspot\src
Event: 134.053 Thread 0x0000000050391800 Exception <a 'java/lang/NoSuchMethodError': java.lang.Object.$anonfun$tellWatchersWeDied$2$adapted(Lakka/actor/dungeon/DeathWatch;Lakka/actor/ActorRef;)Ljava/lang/Object;> (0x00000000f6ebf730) thrown at [C:\re\workspace\8-2-build-windows-amd64-cygwin\jdk8
Event: 134.052 Thread 0x00000000510e2800 Exception <a 'java/lang/NoSuchMethodError': java.lang.Object.$anonfun$stopFunctionRefs$1$adapted(Lakka/actor/FunctionRef;)Ljava/lang/Object;> (0x00000000f6e65630) thrown at [C:\re\workspace\8-2-build-windows-amd64-cygwin\jdk8u131\8869\hotspot\src\share\vm
Event: 134.054 Thread 0x00000000510e2800 Exception <a 'java/lang/NoSuchMethodError': java.lang.Object.$anonfun$tellWatchersWeDied$3(Lakka/actor/dungeon/DeathWatch;)V> (0x00000000f6e65c08) thrown at [C:\re\workspace\8-2-build-windows-amd64-cygwin\jdk8u131\8869\hotspot\src\share\vm\interpreter\lin
Event: 134.056 Thread 0x0000000050391800 Exception <a 'java/lang/NoSuchMethodError': java.lang.Object.$anonfun$tellWatchersWeDied$3(Lakka/actor/dungeon/DeathWatch;)V> (0x00000000f6ede4f8) thrown at [C:\re\workspace\8-2-build-windows-amd64-cygwin\jdk8u131\8869\hotspot\src\share\vm\interpreter\lin
Event: 134.058 Thread 0x00000000510df800 Exception <a 'java/lang/NoSuchMethodError': java.lang.Object.$anonfun$watchedActorTerminated$2(Lakka/actor/ActorRef;ZZ)Lakka/actor/Terminated;> (0x00000000f6e7b068) thrown at [C:\re\workspace\8-2-build-windows-amd64-cygwin\jdk8u131\8869\hotspot\src\share\

Events (10 events):
Event: 6977.209 Thread 0x00000000510e4800 Thread added: 0x00000000510e4800
Event: 6977.209 Thread 0x00000000510e4000 Thread added: 0x00000000510e4000
Event: 6977.224 Thread 0x00000000510e4800 Uncommon trap: trap_request=0xffffff65 fr.pc=0x0000000003ca2528
Event: 6977.224 Thread 0x00000000510e4800 DEOPT PACKING pc=0x0000000003ca2528 sp=0x0000000055f0edf0
Event: 6977.224 Thread 0x00000000510e4800 DEOPT UNPACKING pc=0x00000000028d582a sp=0x0000000055f0ed88 mode 2
Event: 6977.226 Executing VM operation: RevokeBias
Event: 6977.374 Executing VM operation: RevokeBias done
Event: 6977.374 Executing VM operation: RevokeBias
Event: 6977.374 Executing VM operation: RevokeBias done
Event: 6977.399 Executing VM operation: ParallelGCFailedAllocation


Dynamic libraries:
0x000000013f740000 - 0x000000013f777000 	C:\Program Files\Java\jdk1.8.0_131\bin\java.exe
0x0000000077870000 - 0x0000000077a1a000 	C:\Windows\SYSTEM32\ntdll.dll
0x0000000077750000 - 0x000000007786f000 	C:\Windows\system32\kernel32.dll
0x000007fefd860000 - 0x000007fefd8ca000 	C:\Windows\system32\KERNELBASE.dll
0x000007fefe920000 - 0x000007fefe9fb000 	C:\Windows\system32\ADVAPI32.dll
0x000007fefdc10000 - 0x000007fefdcaf000 	C:\Windows\system32\msvcrt.dll
0x000007fefe900000 - 0x000007fefe91f000 	C:\Windows\SYSTEM32\sechost.dll
0x000007fefd970000 - 0x000007fefda9d000 	C:\Windows\system32\RPCRT4.dll
0x0000000077650000 - 0x000000007774a000 	C:\Windows\system32\USER32.dll
0x000007fefdba0000 - 0x000007fefdc07000 	C:\Windows\system32\GDI32.dll
0x000007fefdcb0000 - 0x000007fefdcbe000 	C:\Windows\system32\LPK.dll
0x000007fefded0000 - 0x000007fefdf9b000 	C:\Windows\system32\USP10.dll
0x000007fefce90000 - 0x000007fefd084000 	C:\Windows\WinSxS\amd64_microsoft.windows.common-controls_6595b64144ccf1df_6.0.7601.18837_none_fa3b1e3d17594757\COMCTL32.dll
0x000007feff790000 - 0x000007feff801000 	C:\Windows\system32\SHLWAPI.dll
0x000007fefdcc0000 - 0x000007fefdcee000 	C:\Windows\system32\IMM32.DLL
0x000007fefe240000 - 0x000007fefe349000 	C:\Windows\system32\MSCTF.dll
0x00000000635f0000 - 0x00000000636c2000 	C:\Program Files\Java\jdk1.8.0_131\jre\bin\msvcr100.dll
0x000000005a620000 - 0x000000005aebc000 	C:\Program Files\Java\jdk1.8.0_131\jre\bin\server\jvm.dll
0x000007fee2670000 - 0x000007fee2679000 	C:\Windows\system32\WSOCK32.dll
0x000007fefd920000 - 0x000007fefd96d000 	C:\Windows\system32\WS2_32.dll
0x000007fefe150000 - 0x000007fefe158000 	C:\Windows\system32\NSI.dll
0x000007fefad60000 - 0x000007fefad9b000 	C:\Windows\system32\WINMM.dll
0x000007fefc610000 - 0x000007fefc61c000 	C:\Windows\system32\VERSION.dll
0x0000000077a30000 - 0x0000000077a37000 	C:\Windows\system32\PSAPI.DLL
0x00000000751c0000 - 0x00000000751cf000 	C:\Program Files\Java\jdk1.8.0_131\jre\bin\verify.dll
0x0000000075190000 - 0x00000000751b9000 	C:\Program Files\Java\jdk1.8.0_131\jre\bin\java.dll
0x000000006ebe0000 - 0x000000006ebf6000 	C:\Program Files\Java\jdk1.8.0_131\jre\bin\zip.dll
0x000007fefea00000 - 0x000007feff78a000 	C:\Windows\system32\SHELL32.dll
0x000007fefe700000 - 0x000007fefe8fc000 	C:\Windows\system32\ole32.dll
0x000007fefd570000 - 0x000007fefd57f000 	C:\Windows\system32\profapi.dll
0x000000006ebc0000 - 0x000000006ebda000 	C:\Program Files\Java\jdk1.8.0_131\jre\bin\net.dll
0x000007fefc9e0000 - 0x000007fefca35000 	C:\Windows\system32\mswsock.dll
0x000007fefcbd0000 - 0x000007fefcbd7000 	C:\Windows\System32\wship6.dll
0x000000006eba0000 - 0x000000006ebb1000 	C:\Program Files\Java\jdk1.8.0_131\jre\bin\nio.dll
0x000007fefcba0000 - 0x000007fefcbb8000 	C:\Windows\system32\CRYPTSP.dll
0x000007fefc820000 - 0x000007fefc867000 	C:\Windows\system32\rsaenh.dll
0x000007fefd5a0000 - 0x000007fefd5be000 	C:\Windows\system32\USERENV.dll
0x000007fefd3a0000 - 0x000007fefd3af000 	C:\Windows\system32\CRYPTBASE.dll
0x000007fefaaa0000 - 0x000007fefaac7000 	C:\Windows\system32\IPHLPAPI.DLL
0x000007fefa840000 - 0x000007fefa84b000 	C:\Windows\system32\WINNSI.DLL
0x000007fefa640000 - 0x000007fefa658000 	C:\Windows\system32\dhcpcsvc.DLL
0x000007fefa700000 - 0x000007fefa711000 	C:\Windows\system32\dhcpcsvc6.DLL
0x000007fefa660000 - 0x000007fefa66a000 	C:\Users\Renzo\AppData\Local\Temp\jansi-64-1-8319543131185734909.11
0x000007fefafa0000 - 0x000007fefafb5000 	C:\Windows\system32\NLAapi.dll
0x000007fef5b10000 - 0x000007fef5b25000 	C:\Windows\system32\napinsp.dll
0x000007fef5af0000 - 0x000007fef5b09000 	C:\Windows\system32\pnrpnsp.dll
0x000007fef5ae0000 - 0x000007fef5af0000 	C:\Windows\system32\wshbth.dll
0x000007fefc870000 - 0x000007fefc8cb000 	C:\Windows\system32\DNSAPI.dll
0x000007fef5ad0000 - 0x000007fef5adb000 	C:\Windows\System32\winrnr.dll
0x0000000071180000 - 0x00000000711a6000 	C:\Program Files\Bonjour\mdnsNSP.dll
0x000007fefbf40000 - 0x000007fefbf47000 	C:\Windows\System32\wshtcpip.dll
0x000007fef5260000 - 0x000007fef5268000 	C:\Windows\system32\rasadhlp.dll
0x000007fefa780000 - 0x000007fefa7d3000 	C:\Windows\System32\fwpuclnt.dll
0x000000006eb70000 - 0x000000006eb94000 	C:\Program Files\Java\jdk1.8.0_131\jre\bin\sunec.dll
0x000000006ec10000 - 0x000000006ec1b000 	C:\Program Files\Java\jdk1.8.0_131\jre\bin\sunmscapi.dll
0x000007fefd6f0000 - 0x000007fefd85d000 	C:\Windows\system32\CRYPT32.dll
0x000007fefd560000 - 0x000007fefd56f000 	C:\Windows\system32\MSASN1.dll
0x000000006c2f0000 - 0x000000006c488000 	C:\Program Files\Java\jdk1.8.0_131\jre\bin\awt.dll
0x000007fefe160000 - 0x000007fefe23a000 	C:\Windows\system32\OLEAUT32.dll
0x000007fef5270000 - 0x000007fef52e1000 	C:\Windows\system32\WINSPOOL.DRV
0x000007fefb5a0000 - 0x000007fefb5f6000 	C:\Windows\system32\uxtheme.dll
0x000007feedd40000 - 0x000007feedd88000 	C:\Program Files (x86)\TeamViewer\tv_x64.dll
0x000007fefd450000 - 0x000007fefd4a7000 	C:\Windows\system32\apphelp.dll
0x000007feffae0000 - 0x000007feffb79000 	C:\Windows\system32\CLBCatQ.DLL
0x000007fefb870000 - 0x000007fefb99c000 	C:\Windows\system32\PROPSYS.dll
0x000007fef5ef0000 - 0x000007fef6015000 	C:\Windows\system32\dbghelp.dll

VM Arguments:
jvm_args: -Xmx512M -XX:MaxPermSize=256m -XX:ReservedCodeCacheSize=128m -Dsbt.log.format=true 
java_command: xsbt.boot.Boot ~ run
java_class_path (initial): D:\WS_INTELLIJ\sistemas\documento-web\sbt-dist\bin\sbt-launch.jar
Launcher Type: SUN_STANDARD

Environment Variables:
JAVA_HOME=C:\Program Files\Java\jdk1.8.0_131
PATH=C:\Users\Renzo\OneDrive - Universidad Andres Bello\Instaladores\Util\apache-maven-3.5.2-bin\apache-maven-3.5.2\bin;C:\Program Files\Java\jdk1.8.0_131\bin;C:\ProgramData\Oracle\Java\javapath;C:\Windows\system32;C:\Windows;C:\Windows\System32\Wbem;C:\Windows\System32\WindowsPowerShell\v1.0\;C:\Program Files\MySQL\MySQL Utilities 1.6\;C:\Program Files (x86)\Skype\Phone\;C:\Program Files\Git\cmd;C:\Program Files\dotnet\;C:\Program Files\Microsoft SQL Server\130\Tools\Binn\
USERNAME=Renzo
OS=Windows_NT
PROCESSOR_IDENTIFIER=Intel64 Family 6 Model 42 Stepping 7, GenuineIntel



---------------  S Y S T E M  ---------------

OS: Windows 7 , 64 bit Build 7601 (6.1.7601.23915)

CPU:total 4 (initial active 4) (2 cores per cpu, 2 threads per core) family 6 model 42 stepping 7, cmov, cx8, fxsr, mmx, sse, sse2, sse3, ssse3, sse4.1, sse4.2, popcnt, avx, aes, clmul, ht, tsc, tscinvbit

Memory: 4k page, physical 8331120k(756172k free), swap 16660380k(4659860k free)

vm_info: Java HotSpot(TM) 64-Bit Server VM (25.131-b11) for windows-amd64 JRE (1.8.0_131-b11), built on Mar 15 2017 01:23:53 by "java_re" with MS VC++ 10.0 (VS2010)

time: Wed Dec 27 11:39:14 2017
elapsed time: 6986 seconds (0d 1h 56m 26s)

