#
# A fatal error has been detected by the Java Runtime Environment:
#
#  EXCEPTION_ACCESS_VIOLATION (0xc0000005) at pc=0x0000000062495cc6, pid=17184, tid=0x000000000000199c
#
# JRE version: Java(TM) SE Runtime Environment (8.0_131-b11) (build 1.8.0_131-b11)
# Java VM: Java HotSpot(TM) 64-Bit Server VM (25.131-b11 mixed mode windows-amd64 compressed oops)
# Problematic frame:
# V  [jvm.dll+0x125cc6]
#
# Failed to write core dump. Minidumps are not enabled by default on client versions of Windows
#
# If you would like to submit a bug report, please visit:
#   http://bugreport.java.com/bugreport/crash.jsp
#

---------------  T H R E A D  ---------------

Current thread (0x000000004c74b800):  VMThread [stack: 0x000000004d860000,0x000000004d960000] [id=6556]

siginfo: ExceptionCode=0xc0000005, reading address 0xffffffffffffffff

Registers:
RAX=0x00000000629c47a8, RBX=0x0000000000000018, RCX=0xdafb36b5eeedf3e7, RDX=0x0000000062b44bb0
RSP=0x000000004d95eed8, RBP=0x0000000062b44bb0, RSI=0x000000005327d710, RDI=0x0000000000000001
R8 =0x0000000062b44bb0, R9 =0x0000000000000006, R10=0x00000000000001fe, R11=0x000000004d95ef38
R12=0x0000000000000000, R13=0x0000000000000000, R14=0x0000000062974ef0, R15=0x0000000062b44ae0
RIP=0x0000000062495cc6, EFLAGS=0x0000000000010286

Top of Stack: (sp=0x000000004d95eed8)
0x000000004d95eed8:   000000006249fd46 0000000061a0cfe0
0x000000004d95eee8:   0000000061a0ce80 000000005327d660
0x000000004d95eef8:   000000005da6be40 0000000062b44bb0
0x000000004d95ef08:   00000000624a1c2f 0000000061a0cfb0
0x000000004d95ef18:   0000000000000000 0000000061a0ce80
0x000000004d95ef28:   000000005327d710 0000000000000001
0x000000004d95ef38:   0000000062477df6 0000000000000012
0x000000004d95ef48:   0000000000000090 0000000062b44bb0
0x000000004d95ef58:   000000000c8dbf40 000000000c8dbf40
0x000000004d95ef68:   000000006247d4e0 000000000c8dbf40
0x000000004d95ef78:   0000000062b44bb0 000000004d95f010
0x000000004d95ef88:   0000000006cdd900 0000000062b44bb0
0x000000004d95ef98:   0000000062496d1c 000000000c8dbd58
0x000000004d95efa8:   000000000ca37d18 0000000000000000
0x000000004d95efb8:   00000000623d71ed 0000000062974ef0
0x000000004d95efc8:   00000000000001fe ffffffffffffff00 

Instructions: (pc=0x0000000062495cc6)
0x0000000062495ca6:   c0 74 14 48 8b 50 78 48 85 d2 74 07 48 89 91 80
0x0000000062495cb6:   00 00 00 48 89 48 78 f3 c3 cc 48 8b 02 4c 8b c2
0x0000000062495cc6:   48 8b 51 68 49 8b c8 48 ff 20 48 89 5c 24 08 48
0x0000000062495cd6:   89 74 24 10 57 48 83 ec 20 80 3d fa 77 6e 00 00 


Register to memory mapping:

RAX=0x00000000629c47a8 is an unknown value
RBX=0x0000000000000018 is an unknown value
RCX=0xdafb36b5eeedf3e7 is an unknown value
RDX=0x0000000062b44bb0 is an unknown value
RSP=0x000000004d95eed8 is an unknown value
RBP=0x0000000062b44bb0 is an unknown value
RSI=0x000000005327d710 is an unknown value
RDI=0x0000000000000001 is an unknown value
R8 =0x0000000062b44bb0 is an unknown value
R9 =0x0000000000000006 is an unknown value
R10=0x00000000000001fe is an unknown value
R11=0x000000004d95ef38 is an unknown value
R12=0x0000000000000000 is an unknown value
R13=0x0000000000000000 is an unknown value
R14=0x0000000062974ef0 is an unknown value
R15=0x0000000062b44ae0 is an unknown value


Stack: [0x000000004d860000,0x000000004d960000],  sp=0x000000004d95eed8,  free space=1019k
Native frames: (J=compiled Java code, j=interpreted, Vv=VM code, C=native code)
V  [jvm.dll+0x125cc6]

VM_Operation (0x0000000058cace00): ParallelGCSystemGC, mode: safepoint, requested by thread 0x0000000055016800


---------------  P R O C E S S  ---------------

Java Threads: ( => current thread )
  0x000000005562d000 JavaThread "pool-59-thread-6" [_thread_blocked, id=7496, stack(0x000000005a2c0000,0x000000005a3c0000)]
  0x000000005562a000 JavaThread "pool-59-thread-5" [_thread_blocked, id=14768, stack(0x000000005d500000,0x000000005d600000)]
  0x000000005562b800 JavaThread "pool-59-thread-4" [_thread_blocked, id=8856, stack(0x000000005cd70000,0x000000005ce70000)]
  0x0000000055628000 JavaThread "pool-59-thread-3" [_thread_blocked, id=13792, stack(0x000000005cba0000,0x000000005cca0000)]
  0x000000005562e000 JavaThread "pool-59-thread-2" [_thread_blocked, id=12760, stack(0x000000005ca50000,0x000000005cb50000)]
  0x0000000055012000 JavaThread "pool-59-thread-1" [_thread_blocked, id=13324, stack(0x000000005a6a0000,0x000000005a7a0000)]
  0x0000000055014800 JavaThread "play-dev-mode-akka.actor.default-dispatcher-68" [_thread_blocked, id=11016, stack(0x000000005a520000,0x000000005a620000)]
  0x0000000055018000 JavaThread "play-dev-mode-akka.actor.default-dispatcher-67" [_thread_blocked, id=7784, stack(0x000000005a410000,0x000000005a510000)]
  0x0000000055016800 JavaThread "play-dev-mode-akka.actor.default-dispatcher-66" [_thread_blocked, id=15428, stack(0x0000000058bb0000,0x0000000058cb0000)]
  0x0000000055013800 JavaThread "play-dev-mode-akka.actor.default-dispatcher-65" [_thread_blocked, id=10524, stack(0x00000000567a0000,0x00000000568a0000)]
  0x0000000055016000 JavaThread "play-dev-mode-akka.actor.default-dispatcher-64" [_thread_blocked, id=10696, stack(0x000000005a1c0000,0x000000005a2c0000)]
  0x0000000055012800 JavaThread "play-dev-mode-akka.actor.default-dispatcher-63" [_thread_blocked, id=14856, stack(0x0000000057620000,0x0000000057720000)]
  0x0000000055017800 JavaThread "play-dev-mode-akka.actor.default-dispatcher-62" [_thread_blocked, id=17288, stack(0x00000000587d0000,0x00000000588d0000)]
  0x0000000055011000 JavaThread "play-dev-mode-akka.actor.default-dispatcher-61" [_thread_blocked, id=14388, stack(0x0000000060dc0000,0x0000000060ec0000)]
  0x000000005562b000 JavaThread "com.google.common.base.internal.Finalizer" daemon [_thread_blocked, id=4252, stack(0x0000000057b80000,0x0000000057c80000)]
  0x000000005562c800 JavaThread "application-akka.actor.default-dispatcher-2" [_thread_blocked, id=14260, stack(0x000000005c890000,0x000000005c990000)]
  0x000000005131b000 JavaThread "application-scheduler-1" [_thread_blocked, id=13276, stack(0x000000005c6b0000,0x000000005c7b0000)]
  0x000000004ef6c800 JavaThread "HikariPool-24 housekeeper" daemon [_thread_blocked, id=4156, stack(0x000000005c5a0000,0x000000005c6a0000)]
  0x000000004ef68800 JavaThread "HikariPool-23 housekeeper" daemon [_thread_blocked, id=15636, stack(0x000000005a8d0000,0x000000005a9d0000)]
  0x000000004ef6b800 JavaThread "AsyncAppender-Worker-ASYNCSTDOUT" daemon [_thread_blocked, id=6848, stack(0x00000000579a0000,0x0000000057aa0000)]
  0x000000004ef6b000 JavaThread "AsyncAppender-Worker-ASYNCFILE" daemon [_thread_blocked, id=15740, stack(0x0000000058500000,0x0000000058600000)]
  0x0000000055015000 JavaThread "com.google.common.base.internal.Finalizer" daemon [_thread_blocked, id=10404, stack(0x0000000062e20000,0x0000000062f20000)]
  0x000000004ef68000 JavaThread "HikariPool-8 housekeeper" daemon [_thread_blocked, id=14380, stack(0x0000000061ad0000,0x0000000061bd0000)]
  0x000000004ef6a000 JavaThread "HikariPool-6 housekeeper" daemon [_thread_blocked, id=16972, stack(0x0000000060cb0000,0x0000000060db0000)]
  0x000000004ef65800 JavaThread "HikariPool-4 housekeeper" daemon [_thread_blocked, id=5316, stack(0x000000005b690000,0x000000005b790000)]
  0x0000000055629800 JavaThread "Thread-12" daemon [_thread_in_native, id=11388, stack(0x0000000064b80000,0x0000000064c80000)]
  0x000000004ef69800 JavaThread "Abandoned connection cleanup thread" daemon [_thread_blocked, id=16644, stack(0x0000000060830000,0x0000000060930000)]
  0x000000004ef67000 JavaThread "Scala Presentation Compiler []" daemon [_thread_blocked, id=8620, stack(0x000000005c1c0000,0x000000005c2c0000)]
  0x000000005131d000 JavaThread "play-dev-mode-akka.io.pinned-dispatcher-8" [_thread_in_native, id=508, stack(0x0000000058cd0000,0x0000000058dd0000)]
  0x0000000051321000 JavaThread "play-dev-mode-scheduler-1" [_thread_blocked, id=15288, stack(0x0000000059ea0000,0x0000000059fa0000)]
  0x0000000051320000 JavaThread "reloader-timer" daemon [_thread_blocked, id=13544, stack(0x00000000594b0000,0x00000000595b0000)]
  0x000000005131f800 JavaThread "sbt-play-watch-service" daemon [_thread_blocked, id=14436, stack(0x0000000059310000,0x0000000059410000)]
  0x000000005131e000 JavaThread "Thread-1" daemon [_thread_in_native, id=6204, stack(0x0000000058a90000,0x0000000058b90000)]
  0x0000000051e9f000 JavaThread "pool-6-thread-1" [_thread_in_native, id=17400, stack(0x0000000058980000,0x0000000058a80000)]
  0x0000000051ea0800 JavaThread "sbt-web-akka.actor.default-dispatcher-4" [_thread_blocked, id=13752, stack(0x00000000586b0000,0x00000000587b0000)]
  0x0000000051ea1000 JavaThread "sbt-web-scheduler-1" [_thread_blocked, id=11964, stack(0x0000000054440000,0x0000000054540000)]
  0x000000004dc19800 JavaThread "Service Thread" daemon [_thread_blocked, id=17160, stack(0x000000004e270000,0x000000004e370000)]
  0x000000004dbb7800 JavaThread "C1 CompilerThread2" daemon [_thread_blocked, id=16896, stack(0x000000004e020000,0x000000004e120000)]
  0x000000004dbb6800 JavaThread "C2 CompilerThread1" daemon [_thread_blocked, id=13232, stack(0x000000004e640000,0x000000004e740000)]
  0x000000004dbb4800 JavaThread "C2 CompilerThread0" daemon [_thread_blocked, id=14412, stack(0x000000004e540000,0x000000004e640000)]
  0x000000004dbb0800 JavaThread "Attach Listener" daemon [_thread_blocked, id=12532, stack(0x000000004e390000,0x000000004e490000)]
  0x000000004c7b6000 JavaThread "Signal Dispatcher" daemon [_thread_blocked, id=10536, stack(0x000000004e120000,0x000000004e220000)]
  0x000000004c79a000 JavaThread "Finalizer" daemon [_thread_blocked, id=15472, stack(0x000000004d9d0000,0x000000004dad0000)]
  0x000000004c753000 JavaThread "Reference Handler" daemon [_thread_blocked, id=5072, stack(0x000000004d710000,0x000000004d810000)]
  0x0000000001ddf000 JavaThread "main" [_thread_blocked, id=16040, stack(0x0000000001fa0000,0x00000000020a0000)]

Other Threads:
=>0x000000004c74b800 VMThread [stack: 0x000000004d860000,0x000000004d960000] [id=6556]
  0x000000004dc1e000 WatcherThread [stack: 0x000000004e7d0000,0x000000004e8d0000] [id=3648]

VM state:at safepoint (normal execution)

VM Mutex/Monitor currently owned by a thread:  ([mutex/lock_event])
[0x0000000001ddd1d0] Threads_lock - owner thread: 0x000000004c74b800
[0x0000000001ddd6d0] Heap_lock - owner thread: 0x0000000055016800

Heap:
 PSYoungGen      total 138752K, used 14768K [0x00000000f5580000, 0x00000000ff800000, 0x0000000100000000)
  eden space 113152K, 0% used [0x00000000f5580000,0x00000000f5580000,0x00000000fc400000)
  from space 25600K, 57% used [0x00000000fdf00000,0x00000000fed6c300,0x00000000ff800000)
  to   space 26624K, 0% used [0x00000000fc400000,0x00000000fc400000,0x00000000fde00000)
 ParOldGen       total 212480K, used 101836K [0x00000000e0000000, 0x00000000ecf80000, 0x00000000f5580000)
  object space 212480K, 47% used [0x00000000e0000000,0x00000000e6373278,0x00000000ecf80000)
 Metaspace       used 170515K, capacity 177738K, committed 184536K, reserved 1204224K
  class space    used 26824K, capacity 27703K, committed 29144K, reserved 1048576K

Card table byte_map: [0x000000000a570000,0x000000000a680000] byte_map_base: 0x0000000009e70000

Marking Bits: (ParMarkBitMap*) 0x0000000062b8c720
 Begin Bits: [0x000000000adc0000, 0x000000000b5c0000)
 End Bits:   [0x000000000b5c0000, 0x000000000bdc0000)

Polling page: 0x0000000000210000

CodeCache: size=131072Kb used=59421Kb max_used=74838Kb free=71650Kb
 bounds [0x0000000002370000, 0x0000000006cf0000, 0x000000000a370000]
 total_blobs=19820 nmethods=19053 adapters=672
 compilation: enabled

Compilation events (10 events):
Event: 4992.483 Thread 0x000000004dbb6800 36708       4       sbt.Previous$$anonfun$complete$2::apply (99 bytes)
Event: 4992.491 Thread 0x000000004dbb6800 nmethod 36708 0x00000000040127d0 code [0x0000000004012980, 0x0000000004012cb8]
Event: 4992.492 Thread 0x000000004dbb6800 36709       4       sbt.Previous$$anonfun$complete$1::apply (12 bytes)
Event: 4992.493 Thread 0x000000004dbb6800 nmethod 36709 0x000000000401ced0 code [0x000000000401d020, 0x000000000401d118]
Event: 4992.493 Thread 0x000000004dbb6800 36710       4       sbt.Previous$$anonfun$complete$2::apply (12 bytes)
Event: 4992.502 Thread 0x000000004dbb6800 nmethod 36710 0x000000000401dc10 code [0x000000000401ddc0, 0x000000000401e118]
Event: 4992.502 Thread 0x000000004dbb6800 36711       4       sbt.EvaluateTask$$anonfun$stateTransform$1::apply (100 bytes)
Event: 4992.510 Thread 0x000000004dbb6800 nmethod 36711 0x000000000401d2d0 code [0x000000000401d460, 0x000000000401d6c8]
Event: 4992.510 Thread 0x000000004dbb6800 36712       4       sbt.EvaluateTask$$anonfun$stateTransform$1::apply (9 bytes)
Event: 4992.520 Thread 0x000000004dbb6800 nmethod 36712 0x0000000004010490 code [0x0000000004010620, 0x00000000040108a8]

GC Heap History (10 events):
Event: 1464.451 GC heap after
Heap after GC invocations=98 (full 22):
 PSYoungGen      total 145408K, used 16876K [0x00000000f5580000, 0x00000000fff80000, 0x0000000100000000)
  eden space 119808K, 0% used [0x00000000f5580000,0x00000000f5580000,0x00000000fca80000)
  from space 25600K, 65% used [0x00000000fe400000,0x00000000ff47b0b8,0x00000000ffd00000)
  to   space 26112K, 0% used [0x00000000fca80000,0x00000000fca80000,0x00000000fe400000)
 ParOldGen       total 212480K, used 101804K [0x00000000e0000000, 0x00000000ecf80000, 0x00000000f5580000)
  object space 212480K, 47% used [0x00000000e0000000,0x00000000e636b278,0x00000000ecf80000)
 Metaspace       used 160650K, capacity 167350K, committed 178648K, reserved 1198080K
  class space    used 25392K, capacity 26171K, committed 29144K, reserved 1048576K
}
Event: 1466.146 GC heap before
{Heap before GC invocations=99 (full 22):
 PSYoungGen      total 145408K, used 136684K [0x00000000f5580000, 0x00000000fff80000, 0x0000000100000000)
  eden space 119808K, 100% used [0x00000000f5580000,0x00000000fca80000,0x00000000fca80000)
  from space 25600K, 65% used [0x00000000fe400000,0x00000000ff47b0b8,0x00000000ffd00000)
  to   space 26112K, 0% used [0x00000000fca80000,0x00000000fca80000,0x00000000fe400000)
 ParOldGen       total 212480K, used 101804K [0x00000000e0000000, 0x00000000ecf80000, 0x00000000f5580000)
  object space 212480K, 47% used [0x00000000e0000000,0x00000000e636b278,0x00000000ecf80000)
 Metaspace       used 164908K, capacity 171780K, committed 179928K, reserved 1200128K
  class space    used 26058K, capacity 26867K, committed 29144K, reserved 1048576K
Event: 1466.187 GC heap after
Heap after GC invocations=99 (full 22):
 PSYoungGen      total 145920K, used 13916K [0x00000000f5580000, 0x00000000fff80000, 0x0000000100000000)
  eden space 119808K, 0% used [0x00000000f5580000,0x00000000f5580000,0x00000000fca80000)
  from space 26112K, 53% used [0x00000000fca80000,0x00000000fd8173c8,0x00000000fe400000)
  to   space 25600K, 0% used [0x00000000fe680000,0x00000000fe680000,0x00000000fff80000)
 ParOldGen       total 212480K, used 101812K [0x00000000e0000000, 0x00000000ecf80000, 0x00000000f5580000)
  object space 212480K, 47% used [0x00000000e0000000,0x00000000e636d278,0x00000000ecf80000)
 Metaspace       used 164908K, capacity 171780K, committed 179928K, reserved 1200128K
  class space    used 26058K, capacity 26867K, committed 29144K, reserved 1048576K
}
Event: 3341.207 GC heap before
{Heap before GC invocations=100 (full 22):
 PSYoungGen      total 145920K, used 133724K [0x00000000f5580000, 0x00000000fff80000, 0x0000000100000000)
  eden space 119808K, 100% used [0x00000000f5580000,0x00000000fca80000,0x00000000fca80000)
  from space 26112K, 53% used [0x00000000fca80000,0x00000000fd8173c8,0x00000000fe400000)
  to   space 25600K, 0% used [0x00000000fe680000,0x00000000fe680000,0x00000000fff80000)
 ParOldGen       total 212480K, used 101812K [0x00000000e0000000, 0x00000000ecf80000, 0x00000000f5580000)
  object space 212480K, 47% used [0x00000000e0000000,0x00000000e636d278,0x00000000ecf80000)
 Metaspace       used 166027K, capacity 173016K, committed 180952K, reserved 1202176K
  class space    used 26134K, capacity 26965K, committed 29144K, reserved 1048576K
Event: 3341.222 GC heap after
Heap after GC invocations=100 (full 22):
 PSYoungGen      total 133120K, used 12675K [0x00000000f5580000, 0x00000000ff700000, 0x0000000100000000)
  eden space 116224K, 0% used [0x00000000f5580000,0x00000000f5580000,0x00000000fc700000)
  from space 16896K, 75% used [0x00000000fe680000,0x00000000ff2e0c40,0x00000000ff700000)
  to   space 24576K, 0% used [0x00000000fc700000,0x00000000fc700000,0x00000000fdf00000)
 ParOldGen       total 212480K, used 101820K [0x00000000e0000000, 0x00000000ecf80000, 0x00000000f5580000)
  object space 212480K, 47% used [0x00000000e0000000,0x00000000e636f278,0x00000000ecf80000)
 Metaspace       used 166027K, capacity 173016K, committed 180952K, reserved 1202176K
  class space    used 26134K, capacity 26965K, committed 29144K, reserved 1048576K
}
Event: 4991.998 GC heap before
{Heap before GC invocations=101 (full 22):
 PSYoungGen      total 133120K, used 128899K [0x00000000f5580000, 0x00000000ff700000, 0x0000000100000000)
  eden space 116224K, 100% used [0x00000000f5580000,0x00000000fc700000,0x00000000fc700000)
  from space 16896K, 75% used [0x00000000fe680000,0x00000000ff2e0c40,0x00000000ff700000)
  to   space 24576K, 0% used [0x00000000fc700000,0x00000000fc700000,0x00000000fdf00000)
 ParOldGen       total 212480K, used 101820K [0x00000000e0000000, 0x00000000ecf80000, 0x00000000f5580000)
  object space 212480K, 47% used [0x00000000e0000000,0x00000000e636f278,0x00000000ecf80000)
 Metaspace       used 170321K, capacity 177394K, committed 184536K, reserved 1204224K
  class space    used 26802K, capacity 27667K, committed 29144K, reserved 1048576K
Event: 4992.029 GC heap after
Heap after GC invocations=101 (full 22):
 PSYoungGen      total 137728K, used 22897K [0x00000000f5580000, 0x00000000ffa00000, 0x0000000100000000)
  eden space 113152K, 0% used [0x00000000f5580000,0x00000000f5580000,0x00000000fc400000)
  from space 24576K, 93% used [0x00000000fc700000,0x00000000fdd5c700,0x00000000fdf00000)
  to   space 27648K, 0% used [0x00000000fdf00000,0x00000000fdf00000,0x00000000ffa00000)
 ParOldGen       total 212480K, used 101828K [0x00000000e0000000, 0x00000000ecf80000, 0x00000000f5580000)
  object space 212480K, 47% used [0x00000000e0000000,0x00000000e6371278,0x00000000ecf80000)
 Metaspace       used 170321K, capacity 177394K, committed 184536K, reserved 1204224K
  class space    used 26802K, capacity 27667K, committed 29144K, reserved 1048576K
}
Event: 4992.520 GC heap before
{Heap before GC invocations=102 (full 22):
 PSYoungGen      total 137728K, used 57392K [0x00000000f5580000, 0x00000000ffa00000, 0x0000000100000000)
  eden space 113152K, 30% used [0x00000000f5580000,0x00000000f772fa20,0x00000000fc400000)
  from space 24576K, 93% used [0x00000000fc700000,0x00000000fdd5c700,0x00000000fdf00000)
  to   space 27648K, 0% used [0x00000000fdf00000,0x00000000fdf00000,0x00000000ffa00000)
 ParOldGen       total 212480K, used 101828K [0x00000000e0000000, 0x00000000ecf80000, 0x00000000f5580000)
  object space 212480K, 47% used [0x00000000e0000000,0x00000000e6371278,0x00000000ecf80000)
 Metaspace       used 170515K, capacity 177738K, committed 184536K, reserved 1204224K
  class space    used 26824K, capacity 27703K, committed 29144K, reserved 1048576K
Event: 4992.542 GC heap after
Heap after GC invocations=102 (full 22):
 PSYoungGen      total 138752K, used 14768K [0x00000000f5580000, 0x00000000ff800000, 0x0000000100000000)
  eden space 113152K, 0% used [0x00000000f5580000,0x00000000f5580000,0x00000000fc400000)
  from space 25600K, 57% used [0x00000000fdf00000,0x00000000fed6c300,0x00000000ff800000)
  to   space 26624K, 0% used [0x00000000fc400000,0x00000000fc400000,0x00000000fde00000)
 ParOldGen       total 212480K, used 101836K [0x00000000e0000000, 0x00000000ecf80000, 0x00000000f5580000)
  object space 212480K, 47% used [0x00000000e0000000,0x00000000e6373278,0x00000000ecf80000)
 Metaspace       used 170515K, capacity 177738K, committed 184536K, reserved 1204224K
  class space    used 26824K, capacity 27703K, committed 29144K, reserved 1048576K
}
Event: 4992.542 GC heap before
{Heap before GC invocations=103 (full 23):
 PSYoungGen      total 138752K, used 14768K [0x00000000f5580000, 0x00000000ff800000, 0x0000000100000000)
  eden space 113152K, 0% used [0x00000000f5580000,0x00000000f5580000,0x00000000fc400000)
  from space 25600K, 57% used [0x00000000fdf00000,0x00000000fed6c300,0x00000000ff800000)
  to   space 26624K, 0% used [0x00000000fc400000,0x00000000fc400000,0x00000000fde00000)
 ParOldGen       total 212480K, used 101836K [0x00000000e0000000, 0x00000000ecf80000, 0x00000000f5580000)
  object space 212480K, 47% used [0x00000000e0000000,0x00000000e6373278,0x00000000ecf80000)
 Metaspace       used 170515K, capacity 177738K, committed 184536K, reserved 1204224K
  class space    used 26824K, capacity 27703K, committed 29144K, reserved 1048576K

Deoptimization events (10 events):
Event: 2442.356 Thread 0x000000004ef6a000 Uncommon trap: reason=unstable_if action=reinterpret pc=0x0000000002b120fc method=java.util.concurrent.FutureTask.set(Ljava/lang/Object;)V @ 12
Event: 4991.258 Thread 0x000000005562e000 Uncommon trap: reason=speculate_class_check action=maybe_recompile pc=0x00000000060ba744 method=com.sun.tools.javac.code.Scope.enter(Lcom/sun/tools/javac/code/Symbol;Lcom/sun/tools/javac/code/Scope;)V @ 5
Event: 4991.296 Thread 0x000000005562e000 Uncommon trap: reason=bimorphic action=maybe_recompile pc=0x00000000064f46f8 method=java.util.HashMap.putVal(ILjava/lang/Object;Ljava/lang/Object;ZZ)Ljava/lang/Object; @ 253
Event: 4991.297 Thread 0x000000005562e000 Uncommon trap: reason=bimorphic action=maybe_recompile pc=0x0000000005f42620 method=java.util.HashMap.putVal(ILjava/lang/Object;Ljava/lang/Object;ZZ)Ljava/lang/Object; @ 253
Event: 4991.806 Thread 0x000000005562d000 Uncommon trap: reason=unstable_if action=reinterpret pc=0x000000000551c988 method=com.typesafe.config.impl.Tokenizer$TokenIterator.startOfComment(I)Z @ 25
Event: 4992.132 Thread 0x000000005562d000 Uncommon trap: reason=unstable_if action=reinterpret pc=0x0000000003f6fa34 method=io.ebean.enhance.asm.ClassReader.readMethod(Lio/ebean/enhance/asm/ClassVisitor;Lio/ebean/enhance/asm/Context;I)I @ 526
Event: 4992.167 Thread 0x000000005562d000 Uncommon trap: reason=array_check action=maybe_recompile pc=0x000000000402d0b4 method=java.util.ComparableTimSort.binarySort([Ljava/lang/Object;III)V @ 183
Event: 4992.172 Thread 0x000000005562d000 Uncommon trap: reason=array_check action=maybe_recompile pc=0x000000000402d004 method=java.util.ComparableTimSort.binarySort([Ljava/lang/Object;III)V @ 193
Event: 4992.173 Thread 0x000000005562d000 Uncommon trap: reason=array_check action=maybe_recompile pc=0x000000000402d0b4 method=java.util.ComparableTimSort.binarySort([Ljava/lang/Object;III)V @ 183
Event: 4992.183 Thread 0x000000005562d000 Uncommon trap: reason=array_check action=maybe_recompile pc=0x000000000402d004 method=java.util.ComparableTimSort.binarySort([Ljava/lang/Object;III)V @ 193

Internal exceptions (10 events):
Event: 4992.193 Thread 0x000000005562d000 Exception <a 'java/lang/NoSuchMethodError': <clinit>> (0x00000000f70c8848) thrown at [C:\re\workspace\8-2-build-windows-amd64-cygwin\jdk8u131\8869\hotspot\src\share\vm\prims\jni.cpp, line 1613]
Event: 4992.194 Thread 0x000000005562d000 Exception <a 'java/lang/NoSuchMethodError': <clinit>> (0x00000000f70d52b0) thrown at [C:\re\workspace\8-2-build-windows-amd64-cygwin\jdk8u131\8869\hotspot\src\share\vm\prims\jni.cpp, line 1613]
Event: 4992.196 Thread 0x000000005562d000 Exception <a 'java/lang/NoSuchMethodError': <clinit>> (0x00000000f70f6978) thrown at [C:\re\workspace\8-2-build-windows-amd64-cygwin\jdk8u131\8869\hotspot\src\share\vm\prims\jni.cpp, line 1613]
Event: 4992.196 Thread 0x000000005562d000 Exception <a 'java/lang/NoSuchMethodError': <clinit>> (0x00000000f70fa958) thrown at [C:\re\workspace\8-2-build-windows-amd64-cygwin\jdk8u131\8869\hotspot\src\share\vm\prims\jni.cpp, line 1613]
Event: 4992.197 Thread 0x000000005562d000 Exception <a 'java/lang/NoSuchMethodError': <clinit>> (0x00000000f7103438) thrown at [C:\re\workspace\8-2-build-windows-amd64-cygwin\jdk8u131\8869\hotspot\src\share\vm\prims\jni.cpp, line 1613]
Event: 4992.197 Thread 0x000000005562d000 Exception <a 'java/lang/NoSuchMethodError': <clinit>> (0x00000000f7105ab0) thrown at [C:\re\workspace\8-2-build-windows-amd64-cygwin\jdk8u131\8869\hotspot\src\share\vm\prims\jni.cpp, line 1613]
Event: 4992.198 Thread 0x000000005562d000 Exception <a 'java/lang/NoSuchMethodError': <clinit>> (0x00000000f710fc28) thrown at [C:\re\workspace\8-2-build-windows-amd64-cygwin\jdk8u131\8869\hotspot\src\share\vm\prims\jni.cpp, line 1613]
Event: 4992.201 Thread 0x000000005562d000 Exception <a 'java/lang/NoSuchMethodError': <clinit>> (0x00000000f717abe0) thrown at [C:\re\workspace\8-2-build-windows-amd64-cygwin\jdk8u131\8869\hotspot\src\share\vm\prims\jni.cpp, line 1613]
Event: 4992.201 Thread 0x000000005562d000 Exception <a 'java/lang/NoSuchMethodError': <clinit>> (0x00000000f717d6b8) thrown at [C:\re\workspace\8-2-build-windows-amd64-cygwin\jdk8u131\8869\hotspot\src\share\vm\prims\jni.cpp, line 1613]
Event: 4992.202 Thread 0x000000005562d000 Exception <a 'java/lang/NoSuchMethodError': <clinit>> (0x00000000f7186a20) thrown at [C:\re\workspace\8-2-build-windows-amd64-cygwin\jdk8u131\8869\hotspot\src\share\vm\prims\jni.cpp, line 1613]

Events (10 events):
Event: 4992.213 Thread 0x000000005562d000 DEOPT UNPACKING pc=0x00000000023b787f sp=0x000000005a3bdad0 mode 0
Event: 4992.215 Thread 0x000000005562d000 DEOPT PACKING pc=0x0000000004be12b2 sp=0x000000005a3bde50
Event: 4992.215 Thread 0x000000005562d000 DEOPT UNPACKING pc=0x00000000023b787f sp=0x000000005a3bdba0 mode 0
Event: 4992.217 Thread 0x000000005562d000 DEOPT PACKING pc=0x0000000004be12b2 sp=0x000000005a3bde00
Event: 4992.217 Thread 0x000000005562d000 DEOPT UNPACKING pc=0x00000000023b787f sp=0x000000005a3bdb50 mode 0
Event: 4992.219 Thread 0x000000005562d000 DEOPT PACKING pc=0x0000000004be12b2 sp=0x000000005a3bde00
Event: 4992.219 Thread 0x000000005562d000 DEOPT UNPACKING pc=0x00000000023b787f sp=0x000000005a3bdb50 mode 0
Event: 4992.518 Executing VM operation: RevokeBias
Event: 4992.519 Executing VM operation: RevokeBias done
Event: 4992.520 Executing VM operation: RevokeBias


Dynamic libraries:
0x000000013fac0000 - 0x000000013faf7000 	C:\Program Files\Java\jdk1.8.0_131\bin\java.exe
0x0000000076da0000 - 0x0000000076f3f000 	C:\Windows\SYSTEM32\ntdll.dll
0x0000000076b80000 - 0x0000000076c9f000 	C:\Windows\system32\kernel32.dll
0x000007fefcdc0000 - 0x000007fefce2a000 	C:\Windows\system32\KERNELBASE.dll
0x000007fefce30000 - 0x000007fefcf0b000 	C:\Windows\system32\ADVAPI32.dll
0x000007fefe430000 - 0x000007fefe4cf000 	C:\Windows\system32\msvcrt.dll
0x000007fefe300000 - 0x000007fefe31f000 	C:\Windows\SYSTEM32\sechost.dll
0x000007fefe710000 - 0x000007fefe83d000 	C:\Windows\system32\RPCRT4.dll
0x0000000076ca0000 - 0x0000000076d9a000 	C:\Windows\system32\USER32.dll
0x000007fefe650000 - 0x000007fefe6b7000 	C:\Windows\system32\GDI32.dll
0x000007fefeba0000 - 0x000007fefebae000 	C:\Windows\system32\LPK.dll
0x000007fefdf80000 - 0x000007fefe04b000 	C:\Windows\system32\USP10.dll
0x000007fefadb0000 - 0x000007fefafa4000 	C:\Windows\WinSxS\amd64_microsoft.windows.common-controls_6595b64144ccf1df_6.0.7601.18837_none_fa3b1e3d17594757\COMCTL32.dll
0x000007fefe0d0000 - 0x000007fefe141000 	C:\Windows\system32\SHLWAPI.dll
0x000007fefe840000 - 0x000007fefe86e000 	C:\Windows\system32\IMM32.DLL
0x000007fefe320000 - 0x000007fefe429000 	C:\Windows\system32\MSCTF.dll
0x0000000062120000 - 0x00000000621f2000 	C:\Program Files\Java\jdk1.8.0_131\jre\bin\msvcr100.dll
0x0000000062370000 - 0x0000000062c0c000 	C:\Program Files\Java\jdk1.8.0_131\jre\bin\server\jvm.dll
0x000007fef57f0000 - 0x000007fef57f9000 	C:\Windows\system32\WSOCK32.dll
0x000007fefe6c0000 - 0x000007fefe70d000 	C:\Windows\system32\WS2_32.dll
0x000007feff080000 - 0x000007feff088000 	C:\Windows\system32\NSI.dll
0x000007fefa1f0000 - 0x000007fefa22b000 	C:\Windows\system32\WINMM.dll
0x000007fefbb50000 - 0x000007fefbb5c000 	C:\Windows\system32\VERSION.dll
0x0000000076f40000 - 0x0000000076f47000 	C:\Windows\system32\PSAPI.DLL
0x0000000068920000 - 0x000000006892f000 	C:\Program Files\Java\jdk1.8.0_131\jre\bin\verify.dll
0x0000000062340000 - 0x0000000062369000 	C:\Program Files\Java\jdk1.8.0_131\jre\bin\java.dll
0x0000000062320000 - 0x0000000062336000 	C:\Program Files\Java\jdk1.8.0_131\jre\bin\zip.dll
0x000007fefd1f0000 - 0x000007fefdf7b000 	C:\Windows\system32\SHELL32.dll
0x000007fefee80000 - 0x000007feff07d000 	C:\Windows\system32\ole32.dll
0x000007fefca70000 - 0x000007fefca7f000 	C:\Windows\system32\profapi.dll
0x0000000062300000 - 0x000000006231a000 	C:\Program Files\Java\jdk1.8.0_131\jre\bin\net.dll
0x000007fefc240000 - 0x000007fefc295000 	C:\Windows\system32\mswsock.dll
0x000007fefc230000 - 0x000007fefc237000 	C:\Windows\System32\wship6.dll
0x00000000622e0000 - 0x00000000622f1000 	C:\Program Files\Java\jdk1.8.0_131\jre\bin\nio.dll
0x000007fefc2a0000 - 0x000007fefc2b8000 	C:\Windows\system32\CRYPTSP.dll
0x000007fefbfa0000 - 0x000007fefbfe7000 	C:\Windows\system32\rsaenh.dll
0x000007fefca90000 - 0x000007fefcaae000 	C:\Windows\system32\USERENV.dll
0x000007fefc910000 - 0x000007fefc91f000 	C:\Windows\system32\CRYPTBASE.dll
0x000007fef97e0000 - 0x000007fef9807000 	C:\Windows\system32\IPHLPAPI.DLL
0x000007fef97c0000 - 0x000007fef97cb000 	C:\Windows\system32\WINNSI.DLL
0x000007fef9410000 - 0x000007fef9428000 	C:\Windows\system32\dhcpcsvc.DLL
0x000007fef93f0000 - 0x000007fef9401000 	C:\Windows\system32\dhcpcsvc6.DLL
0x000007fefad60000 - 0x000007fefad6a000 	C:\Users\Renzo\AppData\Local\Temp\jansi-64-1-958500050372177377.11
0x000007fefb350000 - 0x000007fefb365000 	C:\Windows\system32\NLAapi.dll
0x000007fef6600000 - 0x000007fef6615000 	C:\Windows\system32\napinsp.dll
0x000007fef65e0000 - 0x000007fef65f9000 	C:\Windows\system32\pnrpnsp.dll
0x000007fef65d0000 - 0x000007fef65e0000 	C:\Windows\system32\wshbth.dll
0x000007fefc0c0000 - 0x000007fefc11b000 	C:\Windows\system32\DNSAPI.dll
0x000007fef65c0000 - 0x000007fef65cb000 	C:\Windows\System32\winrnr.dll
0x0000000071650000 - 0x0000000071676000 	C:\Program Files\Bonjour\mdnsNSP.dll
0x000007fefbc20000 - 0x000007fefbc27000 	C:\Windows\System32\wshtcpip.dll
0x000007fef5760000 - 0x000007fef5768000 	C:\Windows\system32\rasadhlp.dll
0x000007fef9490000 - 0x000007fef94e3000 	C:\Windows\System32\fwpuclnt.dll
0x0000000063610000 - 0x0000000063634000 	C:\Program Files\Java\jdk1.8.0_131\jre\bin\sunec.dll
0x000000006ec30000 - 0x000000006ec3b000 	C:\Program Files\Java\jdk1.8.0_131\jre\bin\sunmscapi.dll
0x000007fefcc50000 - 0x000007fefcdbd000 	C:\Windows\system32\CRYPT32.dll
0x000007fefca80000 - 0x000007fefca8f000 	C:\Windows\system32\MSASN1.dll
0x000000006d080000 - 0x000000006d175000 	C:\Users\Renzo\AppData\Local\Temp\sqlite-3.21.0.1-cc1f3cb4-341d-491f-818c-13db211190f0-sqlitejdbc.dll
0x000000005f490000 - 0x000000005f628000 	C:\Program Files\Java\jdk1.8.0_131\jre\bin\awt.dll
0x000007fefe570000 - 0x000007fefe64a000 	C:\Windows\system32\OLEAUT32.dll
0x000007fef5770000 - 0x000007fef57e1000 	C:\Windows\system32\WINSPOOL.DRV
0x000007fefa5a0000 - 0x000007fefa5f6000 	C:\Windows\system32\uxtheme.dll
0x000007feeb5a0000 - 0x000007feeb5e8000 	C:\Program Files (x86)\TeamViewer\tv_x64.dll
0x000007fefc8b0000 - 0x000007fefc907000 	C:\Windows\system32\apphelp.dll
0x000007fefe4d0000 - 0x000007fefe569000 	C:\Windows\system32\CLBCatQ.DLL
0x000007fefb750000 - 0x000007fefb87c000 	C:\Windows\system32\PROPSYS.dll
0x000007fefb040000 - 0x000007fefb165000 	C:\Windows\system32\dbghelp.dll

VM Arguments:
jvm_args: -Xmx512M -XX:MaxPermSize=256m -XX:ReservedCodeCacheSize=128m -Dsbt.log.format=true 
java_command: xsbt.boot.Boot
java_class_path (initial): D:\WS_INTELLIJ\sistemas\documento-web\sbt-dist\bin\sbt-launch.jar
Launcher Type: SUN_STANDARD

Environment Variables:
JAVA_HOME=C:\Program Files\Java\jdk1.8.0_131
PATH=C:\Users\Renzo\OneDrive - Universidad Andres Bello\Instaladores\Util\apache-maven-3.5.2-bin\apache-maven-3.5.2\bin;C:\Program Files\Java\jdk1.8.0_131\bin;C:\ProgramData\Oracle\Java\javapath;C:\Windows\system32;C:\Windows;C:\Windows\System32\Wbem;C:\Windows\System32\WindowsPowerShell\v1.0\;C:\Program Files\MySQL\MySQL Utilities 1.6\;C:\Program Files\Git\cmd;C:\Program Files\dotnet\;C:\Program Files\Microsoft SQL Server\130\Tools\Binn\;C:\Program Files\nodejs\;C:\Users\Renzo\AppData\Roaming\npm
USERNAME=Renzo
OS=Windows_NT
PROCESSOR_IDENTIFIER=Intel64 Family 6 Model 42 Stepping 7, GenuineIntel



---------------  S Y S T E M  ---------------

OS: Windows 7 , 64 bit Build 7601 (6.1.7601.24059)

CPU:total 4 (initial active 4) (2 cores per cpu, 2 threads per core) family 6 model 42 stepping 7, cmov, cx8, fxsr, mmx, sse, sse2, sse3, ssse3, sse4.1, sse4.2, popcnt, avx, aes, clmul, ht, tsc, tscinvbit

Memory: 4k page, physical 8331120k(195840k free), swap 18826852k(4070744k free)

vm_info: Java HotSpot(TM) 64-Bit Server VM (25.131-b11) for windows-amd64 JRE (1.8.0_131-b11), built on Mar 15 2017 01:23:53 by "java_re" with MS VC++ 10.0 (VS2010)

time: Wed Apr 04 11:01:49 2018
elapsed time: 4992 seconds (0d 1h 23m 12s)

